INFO: 2020-01-18 15:31:19,198: main() 'Using profile folder /home/harold/.config/variety/'
INFO: 2020-01-18 15:31:19,211: perform_upgrade() 'Last run version was 0.8.2 or earlier, current version is 0.8.2'
INFO: 2020-01-18 15:31:19,700: process_command() 'Received command: ['--profile', '/home/harold/.config/variety/']'
INFO: 2020-01-18 15:31:19,715: load_banned() 'Missing or invalid banned URLs list, no URLs will be banned'
INFO: 2020-01-18 15:31:19,773: start() 'Using data_path /usr/share/variety'
INFO: 2020-01-18 15:31:19,774: load() 'Jumble loading'
INFO: 2020-01-18 15:31:19,774: _walk_modules() 'Jumble loading module in __init__ from /usr/lib/python3.8/site-packages/variety/plugins/builtin/__init__.py'
INFO: 2020-01-18 15:31:19,776: _walk_modules() 'Jumble loading module in GoodreadsSource from /usr/lib/python3.8/site-packages/variety/plugins/builtin/quotes/GoodreadsSource.py'
INFO: 2020-01-18 15:31:19,807: load() 'Jumble found plugin class: <class 'GoodreadsSource.GoodreadsSource'>: {'name': 'Goodreads', 'description': '从 Goodreads.com 获取箴言', 'author': 'Peter Levi', 'version': '0.1'}'
INFO: 2020-01-18 15:31:19,811: _walk_modules() 'Jumble loading module in UrbanDictionarySource from /usr/lib/python3.8/site-packages/variety/plugins/builtin/quotes/UrbanDictionarySource.py'
INFO: 2020-01-18 15:31:19,812: load() 'Jumble found plugin class: <class 'UrbanDictionarySource.UrbanDictionarySource'>: {'name': 'Urban Dictionary', 'description': 'Displays definitions from Urban Dictionary', 'author': 'James Miller', 'version': '0.1'}'
INFO: 2020-01-18 15:31:19,812: _walk_modules() 'Jumble loading module in __init__ from /usr/lib/python3.8/site-packages/variety/plugins/builtin/quotes/__init__.py'
INFO: 2020-01-18 15:31:19,816: _walk_modules() 'Jumble loading module in QuotationsPageSource from /usr/lib/python3.8/site-packages/variety/plugins/builtin/quotes/QuotationsPageSource.py'
INFO: 2020-01-18 15:31:19,824: load() 'Jumble found plugin class: <class 'QuotationsPageSource.QuotationsPageSource'>: {'name': 'TheQuotationsPage.com', 'description': '从 QuotationsPage.com 获取箴言', 'author': 'Peter Levi', 'version': '0.1'}'
INFO: 2020-01-18 15:31:19,825: _walk_modules() 'Jumble loading module in LocalFilesSource from /usr/lib/python3.8/site-packages/variety/plugins/builtin/quotes/LocalFilesSource.py'
INFO: 2020-01-18 15:31:19,826: load() 'Jumble found plugin class: <class 'LocalFilesSource.LocalFilesSource'>: {'name': 'Local text files', 'description': 'Displays quotes, defined in local text files.\nPut your own txt files in: /home/harold/.config/variety/pluginconfig/quotes/.\nThe file format is:\n\nquote -- author\n.\nsecond quote -- another author\n.\netc...\n\nExample: http://rvelthuis.de/zips/quotes.txt', 'author': 'Peter Levi', 'version': '0.1'}'
INFO: 2020-01-18 15:31:19,827: _walk_modules() 'Jumble loading module in FortuneSource from /usr/lib/python3.8/site-packages/variety/plugins/builtin/quotes/FortuneSource.py'
INFO: 2020-01-18 15:31:19,827: load() 'Jumble found plugin class: <class 'FortuneSource.FortuneSource'>: {'name': 'UNIX fortune program', 'description': 'Displays quotes using the UNIX fortune program. You may want to install additional fortune packs, e.g. fortunes-bofh-excuses.', 'author': 'Dan Jones', 'version': '0.1'}'
INFO: 2020-01-18 15:31:19,828: _walk_modules() 'Jumble loading module in DesktopprDownloader from /usr/lib/python3.8/site-packages/variety/plugins/builtin/downloaders/DesktopprDownloader.py'
INFO: 2020-01-18 15:31:19,830: load() 'Jumble found plugin class: <class 'DesktopprDownloader.DesktopprDownloader'>: {'name': 'DesktopprDownloader', 'description': 'Random wallpapers from Desktoppr.co', 'author': 'Peter Levi', 'version': '0.1'}'
INFO: 2020-01-18 15:31:19,830: _walk_modules() 'Jumble loading module in MediaRSSSource from /usr/lib/python3.8/site-packages/variety/plugins/builtin/downloaders/MediaRSSSource.py'
INFO: 2020-01-18 15:31:19,833: load() 'Jumble found plugin class: <class 'MediaRSSSource.MediaRSSSource'>: {'name': 'MediaRSSSource', 'description': 'Configurable source for fetching images from MediaRSS feeds', 'author': 'Peter Levi', 'version': '0.1'}'
INFO: 2020-01-18 15:31:19,834: _walk_modules() 'Jumble loading module in APODDownloader from /usr/lib/python3.8/site-packages/variety/plugins/builtin/downloaders/APODDownloader.py'
INFO: 2020-01-18 15:31:19,835: load() 'Jumble found plugin class: <class 'APODDownloader.APODDownloader'>: {'name': 'APODDownloader', 'description': 'NASA Astro Pic of the Day', 'author': 'Peter Levi', 'version': '0.1'}'
INFO: 2020-01-18 15:31:19,836: _walk_modules() 'Jumble loading module in __init__ from /usr/lib/python3.8/site-packages/variety/plugins/builtin/downloaders/__init__.py'
INFO: 2020-01-18 15:31:19,836: _walk_modules() 'Jumble loading module in RedditSource from /usr/lib/python3.8/site-packages/variety/plugins/builtin/downloaders/RedditSource.py'
INFO: 2020-01-18 15:31:19,838: load() 'Jumble found plugin class: <class 'RedditSource.RedditSource'>: {'name': 'RedditSource', 'description': 'Configurable source for fetching images from Reddit', 'author': 'Peter Levi', 'version': '0.1'}'
INFO: 2020-01-18 15:31:19,839: _walk_modules() 'Jumble loading module in WallhavenDownloader from /usr/lib/python3.8/site-packages/variety/plugins/builtin/downloaders/WallhavenDownloader.py'
INFO: 2020-01-18 15:31:19,840: _walk_modules() 'Jumble loading module in WallhavenSource from /usr/lib/python3.8/site-packages/variety/plugins/builtin/downloaders/WallhavenSource.py'
INFO: 2020-01-18 15:31:19,842: load() 'Jumble found plugin class: <class 'WallhavenSource.WallhavenSource'>: {'name': 'MediaRSSSource', 'description': 'Configurable source for fetching images from Wallhaven.cc', 'author': 'Peter Levi', 'version': '0.1'}'
INFO: 2020-01-18 15:31:19,842: _walk_modules() 'Jumble loading module in ChromeOSWallpapersDownloader from /usr/lib/python3.8/site-packages/variety/plugins/builtin/downloaders/ChromeOSWallpapersDownloader.py'
INFO: 2020-01-18 15:31:19,843: load() 'Jumble found plugin class: <class 'ChromeOSWallpapersDownloader.ChromeOSWallpapersDownloader'>: {'name': 'ChromeOsWallpapersDownloader', 'description': 'Chrome OS Wallpapers', 'author': 'Peter Levi', 'version': '0.1'}'
INFO: 2020-01-18 15:31:19,844: _walk_modules() 'Jumble loading module in EarthDownloader from /usr/lib/python3.8/site-packages/variety/plugins/builtin/downloaders/EarthDownloader.py'
INFO: 2020-01-18 15:31:19,845: load() 'Jumble found plugin class: <class 'EarthDownloader.EarthDownloader'>: {'name': 'EarthDownloader', 'description': 'World Sunlight Map - live wallpaper from Die.net', 'author': 'Peter Levi', 'version': '0.1'}'
INFO: 2020-01-18 15:31:19,845: _walk_modules() 'Jumble loading module in UnsplashDownloader from /usr/lib/python3.8/site-packages/variety/plugins/builtin/downloaders/UnsplashDownloader.py'
INFO: 2020-01-18 15:31:19,846: load() 'Jumble found plugin class: <class 'UnsplashDownloader.UnsplashDownloader'>: {'name': 'UnsplashDownloader', 'description': 'High-resolution photos from Unsplash.com', 'author': 'Peter Levi', 'version': '0.1'}'
INFO: 2020-01-18 15:31:19,846: _walk_modules() 'Jumble loading module in EarthviewDownloader from /usr/lib/python3.8/site-packages/variety/plugins/builtin/downloaders/EarthviewDownloader.py'
INFO: 2020-01-18 15:31:19,847: load() 'Jumble found plugin class: <class 'EarthviewDownloader.EarthviewDownloader'>: {'name': 'EarthviewDownloader', 'description': 'Google Earth View Wallpapers', 'author': 'Peter Levi', 'version': '0.1'}'
INFO: 2020-01-18 15:31:19,848: _walk_modules() 'Jumble loading module in MediaRSSDownloader from /usr/lib/python3.8/site-packages/variety/plugins/builtin/downloaders/MediaRSSDownloader.py'
INFO: 2020-01-18 15:31:19,849: _walk_modules() 'Jumble loading module in UnsplashConfigurableSource from /usr/lib/python3.8/site-packages/variety/plugins/builtin/downloaders/UnsplashConfigurableSource.py'
INFO: 2020-01-18 15:31:19,851: load() 'Jumble found plugin class: <class 'UnsplashConfigurableSource.UnsplashConfigurableSource'>: {'name': 'UnsplashConfigurableSource', 'description': 'Configurable source for fetching photos from Unsplash.com', 'author': 'Peter Levi', 'version': '0.1'}'
INFO: 2020-01-18 15:31:19,851: _walk_modules() 'Jumble loading module in BingDownloader from /usr/lib/python3.8/site-packages/variety/plugins/builtin/downloaders/BingDownloader.py'
INFO: 2020-01-18 15:31:19,852: load() 'Jumble found plugin class: <class 'BingDownloader.BingDownloader'>: {'name': 'BingDownloader', 'description': 'Bing Photo of the Day', 'author': 'Peter Levi', 'version': '0.1'}'
INFO: 2020-01-18 15:31:19,853: _walk_modules() 'Jumble loading module in RedditDownloader from /usr/lib/python3.8/site-packages/variety/plugins/builtin/downloaders/RedditDownloader.py'
INFO: 2020-01-18 15:31:19,860: log_options() 'Loaded options:'
INFO: 2020-01-18 15:31:19,860: log_options() 'change_enabled = True'
INFO: 2020-01-18 15:31:19,860: log_options() 'change_interval = 300'
INFO: 2020-01-18 15:31:19,860: log_options() 'change_on_start = False'
INFO: 2020-01-18 15:31:19,860: log_options() 'clipboard_enabled = False'
INFO: 2020-01-18 15:31:19,860: log_options() 'clipboard_hosts = ['wallhaven.cc', 'ns223506.ovh.net', 'wallpapers.net', 'flickr.com', 'imgur.com', 'deviantart.com', 'interfacelift.com', 'vladstudio.com']'
INFO: 2020-01-18 15:31:19,860: log_options() 'clipboard_use_whitelist = True'
INFO: 2020-01-18 15:31:19,861: log_options() 'clock_date_font = Sans 32'
INFO: 2020-01-18 15:31:19,861: log_options() 'clock_enabled = True'
INFO: 2020-01-18 15:31:19,861: log_options() 'clock_filter = -density 100 -font `fc-match -f '%{file[0]}' '%CLOCK_FONT_NAME'` -pointsize %CLOCK_FONT_SIZE -gravity SouthEast -fill '#00000044' -annotate 0x0+[%HOFFSET+58]+[%VOFFSET+108] '%H:%M' -fill white -annotate 0x0+[%HOFFSET+60]+[%VOFFSET+110] '%H:%M' -font `fc-match -f '%{file[0]}' '%DATE_FONT_NAME'` -pointsize %DATE_FONT_SIZE -fill '#00000044' -annotate 0x0+[%HOFFSET+58]+[%VOFFSET+58] '%A, %B %d' -fill white -annotate 0x0+[%HOFFSET+60]+[%VOFFSET+60] '%A, %B %d''
INFO: 2020-01-18 15:31:19,861: log_options() 'clock_font = Sans Bold 70'
INFO: 2020-01-18 15:31:19,861: log_options() 'configfile = /home/harold/.config/variety/variety.conf'
INFO: 2020-01-18 15:31:19,861: log_options() 'copyto_enabled = False'
INFO: 2020-01-18 15:31:19,861: log_options() 'copyto_folder = Default'
INFO: 2020-01-18 15:31:19,861: log_options() 'desired_color = [160, 160, 160]'
INFO: 2020-01-18 15:31:19,861: log_options() 'desired_color_enabled = False'
INFO: 2020-01-18 15:31:19,861: log_options() 'download_folder = /home/harold/.config/variety/Downloaded'
INFO: 2020-01-18 15:31:19,861: log_options() 'download_preference_ratio = 0.9'
INFO: 2020-01-18 15:31:19,861: log_options() 'favorites_folder = /home/harold/.config/variety/Favorites'
INFO: 2020-01-18 15:31:19,861: log_options() 'favorites_operations = [['Downloaded', 'Copy'], ['Fetched', 'Move'], ['Others', 'Copy']]'
INFO: 2020-01-18 15:31:19,861: log_options() 'fetched_folder = /home/harold/.config/variety/Fetched'
INFO: 2020-01-18 15:31:19,861: log_options() 'filters = [[False, 'Keep original', ''], [False, 'Grayscale', '-type Grayscale'], [False, 'Heavy blur', '-blur 120x40'], [False, 'Oil painting', '-paint 6'], [False, 'Charcoal painting', '-charcoal 3'], [False, 'Pointilism', '-spread 10 -noise 3'], [False, 'Pixellate', '-scale 3% -scale 3333%']]'
INFO: 2020-01-18 15:31:19,862: log_options() 'icon = Light'
INFO: 2020-01-18 15:31:19,862: log_options() 'lightness_enabled = False'
INFO: 2020-01-18 15:31:19,862: log_options() 'lightness_mode = 0'
INFO: 2020-01-18 15:31:19,862: log_options() 'min_rating = 4'
INFO: 2020-01-18 15:31:19,862: log_options() 'min_rating_enabled = False'
INFO: 2020-01-18 15:31:19,862: log_options() 'min_size = 80'
INFO: 2020-01-18 15:31:19,862: log_options() 'min_size_enabled = False'
INFO: 2020-01-18 15:31:19,862: log_options() 'quota_enabled = True'
INFO: 2020-01-18 15:31:19,862: log_options() 'quota_size = 1000'
INFO: 2020-01-18 15:31:19,862: log_options() 'quotes_authors = '
INFO: 2020-01-18 15:31:19,862: log_options() 'quotes_bg_color = [80, 80, 80]'
INFO: 2020-01-18 15:31:19,862: log_options() 'quotes_bg_opacity = 55'
INFO: 2020-01-18 15:31:19,862: log_options() 'quotes_change_enabled = False'
INFO: 2020-01-18 15:31:19,862: log_options() 'quotes_change_interval = 300'
INFO: 2020-01-18 15:31:19,862: log_options() 'quotes_disabled_sources = ['']'
INFO: 2020-01-18 15:31:19,863: log_options() 'quotes_enabled = False'
INFO: 2020-01-18 15:31:19,863: log_options() 'quotes_favorites_file = /home/harold/.config/variety/favorite_quotes.txt'
INFO: 2020-01-18 15:31:19,863: log_options() 'quotes_font = Bitstream Charter 30'
INFO: 2020-01-18 15:31:19,863: log_options() 'quotes_hpos = 100'
INFO: 2020-01-18 15:31:19,863: log_options() 'quotes_max_length = 250'
INFO: 2020-01-18 15:31:19,863: log_options() 'quotes_tags = '
INFO: 2020-01-18 15:31:19,863: log_options() 'quotes_text_color = [255, 255, 255]'
INFO: 2020-01-18 15:31:19,863: log_options() 'quotes_text_shadow = False'
INFO: 2020-01-18 15:31:19,863: log_options() 'quotes_vpos = 40'
INFO: 2020-01-18 15:31:19,863: log_options() 'quotes_width = 70'
INFO: 2020-01-18 15:31:19,863: log_options() 'safe_mode = False'
INFO: 2020-01-18 15:31:19,863: log_options() 'slideshow_custom_enabled = False'
INFO: 2020-01-18 15:31:19,863: log_options() 'slideshow_custom_folder = /home/harold/Pictures'
INFO: 2020-01-18 15:31:19,863: log_options() 'slideshow_downloads_enabled = False'
INFO: 2020-01-18 15:31:19,863: log_options() 'slideshow_fade = 0.4'
INFO: 2020-01-18 15:31:19,864: log_options() 'slideshow_favorites_enabled = True'
INFO: 2020-01-18 15:31:19,864: log_options() 'slideshow_mode = Fullscreen'
INFO: 2020-01-18 15:31:19,864: log_options() 'slideshow_monitor = All'
INFO: 2020-01-18 15:31:19,864: log_options() 'slideshow_pan = 0.05'
INFO: 2020-01-18 15:31:19,864: log_options() 'slideshow_seconds = 6.0'
INFO: 2020-01-18 15:31:19,864: log_options() 'slideshow_sort_order = Random'
INFO: 2020-01-18 15:31:19,864: log_options() 'slideshow_sources_enabled = True'
INFO: 2020-01-18 15:31:19,864: log_options() 'slideshow_zoom = 0.2'
INFO: 2020-01-18 15:31:19,864: log_options() 'smart_enabled = False'
INFO: 2020-01-18 15:31:19,864: log_options() 'smart_notice_shown = False'
INFO: 2020-01-18 15:31:19,864: log_options() 'smart_register_shown = False'
INFO: 2020-01-18 15:31:19,864: log_options() 'sources = [[False, 'apod', "NASA's Astronomy Picture of the Day"], [False, 'bing', 'Bing Photo of the Day'], [False, 'chromeos', 'Chrome OS Wallpapers'], [False, 'desktoppr', 'Random wallpapers from Desktoppr.co'], [False, 'earth', 'World Sunlight Map - live wallpaper from Die.net'], [False, 'earthview', 'Google Earth View Wallpapers'], [False, 'unsplash', 'High-resolution photos from Unsplash.com'], [False, 'favorites', 'The Favorites folder'], [False, 'fetched', 'The Fetched folder'], [False, 'image', '/home/harold/Pictures/壁纸A/wolf_silhouette_hills_130119_1920x1080.jpg'], [False, 'image', '/home/harold/Pictures/壁纸A/wolf_silhouette_art_138559_1920x1080.jpg'], [False, 'image', '/home/harold/Pictures/壁纸A/wolf_art_muzzle_142979_1920x1080.jpg'], [False, 'image', '/home/harold/Pictures/壁纸A/firewatch-landscape-forest-minimalistic-games-6993.jpg'], [False, 'image', '/home/harold/Pictures/壁纸A/firewatch-forest-landscape-in-game-minimalistic-games-7558.jpg'], [False, 'image', '/home/harold/Pictures/壁纸A/anime-landscape-girl-mountain-relaxing-trees-clouds-scenic-27286.jpeg'], [False, 'image', '/home/harold/Pictures/壁纸A/anime-girl-crying-tears-sad-sunset-clouds-scenic-sky-31230.jpeg'], [False, 'image', '/home/harold/Pictures/壁纸A/anime.jpg'], [False, 'image', '/home/harold/Pictures/壁纸A/龙猫.png'], [False, 'image', '/home/harold/Pictures/壁纸A/枫树.png'], [False, 'image', '/home/harold/Pictures/壁纸A/1565511836874.jpg'], [True, 'folder', '/home/harold/Pictures/壁纸A']]'
INFO: 2020-01-18 15:31:19,864: log_options() 'stats_enabled = False'
INFO: 2020-01-18 15:31:19,864: log_options() 'stats_notice_shown = False'
INFO: 2020-01-18 15:31:19,864: log_options() 'sync_enabled = False'
INFO: 2020-01-18 15:31:19,865: log_options() 'use_landscape_enabled = True'
INFO: 2020-01-18 15:31:19,865: reload_config() 'No need to clear prepared queue'
INFO: 2020-01-18 15:31:19,865: clock_thread_method() 'clock thread running'
INFO: 2020-01-18 15:31:19,865: update_indicator() 'Setting file info to: /usr/share/wallpapers/Next/contents/images/1920x1080.png'
INFO: 2020-01-18 15:31:19,868: load_last_change_time() 'Change interval < 6 hours, ignore persisted last_change_time, wait initially the whole interval: 300'
INFO: 2020-01-18 15:31:19,868: update_indicator() 'Setting file info to: /usr/share/wallpapers/Next/contents/images/1920x1080.png'
INFO: 2020-01-18 15:31:19,870: regular_change_thread() 'regular_change thread running'
INFO: 2020-01-18 15:31:19,876: prepare_thread() 'Prepare thread running'
INFO: 2020-01-18 15:31:19,876: prepare_thread() 'Prepared buffer contains 0 images'
INFO: 2020-01-18 15:31:19,878: prepare_thread() 'Preparing some images'
INFO: 2020-01-18 15:31:19,977: do_set_wp() 'Calling do_set_wp with /usr/share/wallpapers/Next/contents/images/1920x1080.png, time: 1579361479.977694'
INFO: 2020-01-18 15:31:19,981: compute_trimmed_offsets() 'Trimmed offsets debug info: w:1920, h:1080, ratio:1.777778, iw:1920, ih:1080, scw:1920, sch:1080, ho:0, vo:0'
INFO: 2020-01-18 15:31:19,982: build_imagemagick_clock_cmd() 'Applying clock filter: -density 100 -font `fc-match -f '%{file[0]}' 'Sans:Bold:70'` -pointsize 70 -gravity SouthEast -fill '#00000044' -annotate 0x0+58+108 '15:31' -fill white -annotate 0x0+60+110 '15:31' -font `fc-match -f '%{file[0]}' 'Sans:32'` -pointsize 32 -fill '#00000044' -annotate 0x0+58+58 '星期六, 一月 18' -fill white -annotate 0x0+60+60 '星期六, 一月 18''
INFO: 2020-01-18 15:31:19,982: build_imagemagick_clock_cmd() 'ImageMagick clock cmd: convert /usr/share/wallpapers/Next/contents/images/1920x1080.png -scale 1920x1080^ -density 100 -font `fc-match -f '%{file[0]}' 'Sans:Bold:70'` -pointsize 70 -gravity SouthEast -fill '#00000044' -annotate 0x0+58+108 '15:31' -fill white -annotate 0x0+60+110 '15:31' -font `fc-match -f '%{file[0]}' 'Sans:32'` -pointsize 32 -fill '#00000044' -annotate 0x0+58+58 '星期六, 一月 18' -fill white -annotate 0x0+60+60 '星期六, 一月 18' /home/harold/.config/variety/wallpaper/wallpaper-clock-e683fdd050318ccfb7545f0f7fdb59d0.jpg'
INFO: 2020-01-18 15:31:19,987: prepare_thread() 'After search prepared buffer contains 55 images'
INFO: 2020-01-18 15:31:20,056: update_indicator_icon() 'Creating indicator'
WARNING: 2020-01-18 15:31:20,180: create_menu() 'Variety Slideshow is not installed. This is an optional extension adding pan-and-zoom slideshows to Variety: see https://github.com/peterlevi/variety-slideshow for details'
INFO: 2020-01-18 15:31:20,182: create_indicator() 'indicator backend: AppIndicator3'
INFO: 2020-01-18 15:31:20,257: set_from_theme_icon() 'Showing indicator icon variety-indicator from GTK theme'
INFO: 2020-01-18 15:31:20,691: update_indicator() 'Setting file info to: /usr/share/wallpapers/Next/contents/images/1920x1080.png'
INFO: 2020-01-18 15:31:20,696: list_files() 'More than 1 files in the folders, stop listing'
INFO: 2020-01-18 15:31:20,867: clock_thread_method() 'clock_thread updates wallpaper'
INFO: 2020-01-18 15:31:20,978: do_set_wp() 'Calling do_set_wp with /usr/share/wallpapers/Next/contents/images/1920x1080.png, time: 1579361480.9784284'
INFO: 2020-01-18 15:31:21,997: trigger_download() 'Triggering download thread to check if download needed'
INFO: 2020-01-18 15:31:22,299: reload() 'Reloading preferences dialog'
INFO: 2020-01-18 15:31:24,258: compute_trimmed_offsets() 'Trimmed offsets debug info: w:1920, h:1080, ratio:1.777778, iw:1920, ih:1080, scw:1920, sch:1080, ho:0, vo:0'
INFO: 2020-01-18 15:31:24,258: build_imagemagick_clock_cmd() 'Applying clock filter: -density 100 -font `fc-match -f '%{file[0]}' 'Sans:Bold:70'` -pointsize 70 -gravity SouthEast -fill '#00000044' -annotate 0x0+58+108 '15:31' -fill white -annotate 0x0+60+110 '15:31' -font `fc-match -f '%{file[0]}' 'Sans:32'` -pointsize 32 -fill '#00000044' -annotate 0x0+58+58 '星期六, 一月 18' -fill white -annotate 0x0+60+60 '星期六, 一月 18''
INFO: 2020-01-18 15:31:24,258: build_imagemagick_clock_cmd() 'ImageMagick clock cmd: convert /usr/share/wallpapers/Next/contents/images/1920x1080.png -scale 1920x1080^ -density 100 -font `fc-match -f '%{file[0]}' 'Sans:Bold:70'` -pointsize 70 -gravity SouthEast -fill '#00000044' -annotate 0x0+58+108 '15:31' -fill white -annotate 0x0+60+110 '15:31' -font `fc-match -f '%{file[0]}' 'Sans:32'` -pointsize 32 -fill '#00000044' -annotate 0x0+58+58 '星期六, 一月 18' -fill white -annotate 0x0+60+60 '星期六, 一月 18' /home/harold/.config/variety/wallpaper/wallpaper-clock-7782a36d94880166788b69299494b11d.jpg'
INFO: 2020-01-18 15:31:24,495: update_indicator() 'Setting file info to: /usr/share/wallpapers/Next/contents/images/1920x1080.png'
INFO: 2020-01-18 15:31:24,497: list_files() 'More than 1 files in the folders, stop listing'
INFO: 2020-01-18 15:31:39,944: server_options_thread() 'Fetching server options from http://tiny.cc/variety-options-063'
ERROR: 2020-01-18 15:31:40,092: server_options_thread() 'Could not fetch Variety serverside options'
Traceback (most recent call last):
  File "/usr/lib/python3.8/site-packages/urllib3/connection.py", line 156, in _new_conn
    conn = connection.create_connection(
  File "/usr/lib/python3.8/site-packages/urllib3/util/connection.py", line 84, in create_connection
    raise err
  File "/usr/lib/python3.8/site-packages/urllib3/util/connection.py", line 74, in create_connection
    sock.connect(sa)
ConnectionRefusedError: [Errno 111] 拒绝连接

During handling of the above exception, another exception occurred:

Traceback (most recent call last):
  File "/usr/lib/python3.8/site-packages/urllib3/connectionpool.py", line 665, in urlopen
    httplib_response = self._make_request(
  File "/usr/lib/python3.8/site-packages/urllib3/connectionpool.py", line 387, in _make_request
    conn.request(method, url, **httplib_request_kw)
  File "/usr/lib/python3.8/http/client.py", line 1230, in request
    self._send_request(method, url, body, headers, encode_chunked)
  File "/usr/lib/python3.8/http/client.py", line 1276, in _send_request
    self.endheaders(body, encode_chunked=encode_chunked)
  File "/usr/lib/python3.8/http/client.py", line 1225, in endheaders
    self._send_output(message_body, encode_chunked=encode_chunked)
  File "/usr/lib/python3.8/http/client.py", line 1004, in _send_output
    self.send(msg)
  File "/usr/lib/python3.8/http/client.py", line 944, in send
    self.connect()
  File "/usr/lib/python3.8/site-packages/urllib3/connection.py", line 184, in connect
    conn = self._new_conn()
  File "/usr/lib/python3.8/site-packages/urllib3/connection.py", line 168, in _new_conn
    raise NewConnectionError(
urllib3.exceptions.NewConnectionError: <urllib3.connection.HTTPConnection object at 0x7fa52ca83280>: Failed to establish a new connection: [Errno 111] 拒绝连接

During handling of the above exception, another exception occurred:

Traceback (most recent call last):
  File "/usr/lib/python3.8/site-packages/requests/adapters.py", line 439, in send
    resp = conn.urlopen(
  File "/usr/lib/python3.8/site-packages/urllib3/connectionpool.py", line 719, in urlopen
    retries = retries.increment(
  File "/usr/lib/python3.8/site-packages/urllib3/util/retry.py", line 436, in increment
    raise MaxRetryError(_pool, url, error or ResponseError(cause))
urllib3.exceptions.MaxRetryError: HTTPConnectionPool(host='tiny.cc', port=80): Max retries exceeded with url: /variety-options-063 (Caused by NewConnectionError('<urllib3.connection.HTTPConnection object at 0x7fa52ca83280>: Failed to establish a new connection: [Errno 111] 拒绝连接'))

During handling of the above exception, another exception occurred:

Traceback (most recent call last):
  File "/usr/lib/python3.8/site-packages/variety/VarietyWindow.py", line 1087, in server_options_thread
    self.server_options = Util.fetch_json(VarietyWindow.SERVERSIDE_OPTIONS_URL)
  File "/usr/lib/python3.8/site-packages/variety/Util.py", line 643, in fetch_json
    return Util.request(url, data, **request_kwargs).json()
  File "/usr/lib/python3.8/site-packages/variety/Util.py", line 612, in request
    r = requests.request(
  File "/usr/lib/python3.8/site-packages/requests/api.py", line 60, in request
    return session.request(method=method, url=url, **kwargs)
  File "/usr/lib/python3.8/site-packages/requests/sessions.py", line 533, in request
    resp = self.send(prep, **send_kwargs)
  File "/usr/lib/python3.8/site-packages/requests/sessions.py", line 646, in send
    r = adapter.send(request, **kwargs)
  File "/usr/lib/python3.8/site-packages/requests/adapters.py", line 516, in send
    raise ConnectionError(e, request=request)
requests.exceptions.ConnectionError: HTTPConnectionPool(host='tiny.cc', port=80): Max retries exceeded with url: /variety-options-063 (Caused by NewConnectionError('<urllib3.connection.HTTPConnection object at 0x7fa52ca83280>: Failed to establish a new connection: [Errno 111] 拒绝连接'))
INFO: 2020-01-18 15:32:00,920: clock_thread_method() 'clock_thread updates wallpaper'
INFO: 2020-01-18 15:32:00,922: do_set_wp() 'Calling do_set_wp with /usr/share/wallpapers/Next/contents/images/1920x1080.png, time: 1579361520.9223433'
INFO: 2020-01-18 15:32:00,927: compute_trimmed_offsets() 'Trimmed offsets debug info: w:1920, h:1080, ratio:1.777778, iw:1920, ih:1080, scw:1920, sch:1080, ho:0, vo:0'
INFO: 2020-01-18 15:32:00,928: build_imagemagick_clock_cmd() 'Applying clock filter: -density 100 -font `fc-match -f '%{file[0]}' 'Sans:Bold:70'` -pointsize 70 -gravity SouthEast -fill '#00000044' -annotate 0x0+58+108 '15:32' -fill white -annotate 0x0+60+110 '15:32' -font `fc-match -f '%{file[0]}' 'Sans:32'` -pointsize 32 -fill '#00000044' -annotate 0x0+58+58 '星期六, 一月 18' -fill white -annotate 0x0+60+60 '星期六, 一月 18''
INFO: 2020-01-18 15:32:00,928: build_imagemagick_clock_cmd() 'ImageMagick clock cmd: convert /usr/share/wallpapers/Next/contents/images/1920x1080.png -scale 1920x1080^ -density 100 -font `fc-match -f '%{file[0]}' 'Sans:Bold:70'` -pointsize 70 -gravity SouthEast -fill '#00000044' -annotate 0x0+58+108 '15:32' -fill white -annotate 0x0+60+110 '15:32' -font `fc-match -f '%{file[0]}' 'Sans:32'` -pointsize 32 -fill '#00000044' -annotate 0x0+58+58 '星期六, 一月 18' -fill white -annotate 0x0+60+60 '星期六, 一月 18' /home/harold/.config/variety/wallpaper/wallpaper-clock-ed5424743aeabf19558e4768d93041af.jpg'
INFO: 2020-01-18 15:32:01,226: update_indicator() 'Setting file info to: /usr/share/wallpapers/Next/contents/images/1920x1080.png'
INFO: 2020-01-18 15:32:01,231: list_files() 'More than 1 files in the folders, stop listing'
INFO: 2020-01-18 15:32:10,127: server_options_thread() 'Fetching server options from http://tiny.cc/variety-options-063'
ERROR: 2020-01-18 15:32:10,257: server_options_thread() 'Could not fetch Variety serverside options'
Traceback (most recent call last):
  File "/usr/lib/python3.8/site-packages/urllib3/connection.py", line 156, in _new_conn
    conn = connection.create_connection(
  File "/usr/lib/python3.8/site-packages/urllib3/util/connection.py", line 84, in create_connection
    raise err
  File "/usr/lib/python3.8/site-packages/urllib3/util/connection.py", line 74, in create_connection
    sock.connect(sa)
ConnectionRefusedError: [Errno 111] 拒绝连接

During handling of the above exception, another exception occurred:

Traceback (most recent call last):
  File "/usr/lib/python3.8/site-packages/urllib3/connectionpool.py", line 665, in urlopen
    httplib_response = self._make_request(
  File "/usr/lib/python3.8/site-packages/urllib3/connectionpool.py", line 387, in _make_request
    conn.request(method, url, **httplib_request_kw)
  File "/usr/lib/python3.8/http/client.py", line 1230, in request
    self._send_request(method, url, body, headers, encode_chunked)
  File "/usr/lib/python3.8/http/client.py", line 1276, in _send_request
    self.endheaders(body, encode_chunked=encode_chunked)
  File "/usr/lib/python3.8/http/client.py", line 1225, in endheaders
    self._send_output(message_body, encode_chunked=encode_chunked)
  File "/usr/lib/python3.8/http/client.py", line 1004, in _send_output
    self.send(msg)
  File "/usr/lib/python3.8/http/client.py", line 944, in send
    self.connect()
  File "/usr/lib/python3.8/site-packages/urllib3/connection.py", line 184, in connect
    conn = self._new_conn()
  File "/usr/lib/python3.8/site-packages/urllib3/connection.py", line 168, in _new_conn
    raise NewConnectionError(
urllib3.exceptions.NewConnectionError: <urllib3.connection.HTTPConnection object at 0x7fa52ca83f40>: Failed to establish a new connection: [Errno 111] 拒绝连接

During handling of the above exception, another exception occurred:

Traceback (most recent call last):
  File "/usr/lib/python3.8/site-packages/requests/adapters.py", line 439, in send
    resp = conn.urlopen(
  File "/usr/lib/python3.8/site-packages/urllib3/connectionpool.py", line 719, in urlopen
    retries = retries.increment(
  File "/usr/lib/python3.8/site-packages/urllib3/util/retry.py", line 436, in increment
    raise MaxRetryError(_pool, url, error or ResponseError(cause))
urllib3.exceptions.MaxRetryError: HTTPConnectionPool(host='tiny.cc', port=80): Max retries exceeded with url: /variety-options-063 (Caused by NewConnectionError('<urllib3.connection.HTTPConnection object at 0x7fa52ca83f40>: Failed to establish a new connection: [Errno 111] 拒绝连接'))

During handling of the above exception, another exception occurred:

Traceback (most recent call last):
  File "/usr/lib/python3.8/site-packages/variety/VarietyWindow.py", line 1087, in server_options_thread
    self.server_options = Util.fetch_json(VarietyWindow.SERVERSIDE_OPTIONS_URL)
  File "/usr/lib/python3.8/site-packages/variety/Util.py", line 643, in fetch_json
    return Util.request(url, data, **request_kwargs).json()
  File "/usr/lib/python3.8/site-packages/variety/Util.py", line 612, in request
    r = requests.request(
  File "/usr/lib/python3.8/site-packages/requests/api.py", line 60, in request
    return session.request(method=method, url=url, **kwargs)
  File "/usr/lib/python3.8/site-packages/requests/sessions.py", line 533, in request
    resp = self.send(prep, **send_kwargs)
  File "/usr/lib/python3.8/site-packages/requests/sessions.py", line 646, in send
    r = adapter.send(request, **kwargs)
  File "/usr/lib/python3.8/site-packages/requests/adapters.py", line 516, in send
    raise ConnectionError(e, request=request)
requests.exceptions.ConnectionError: HTTPConnectionPool(host='tiny.cc', port=80): Max retries exceeded with url: /variety-options-063 (Caused by NewConnectionError('<urllib3.connection.HTTPConnection object at 0x7fa52ca83f40>: Failed to establish a new connection: [Errno 111] 拒绝连接'))
INFO: 2020-01-18 15:32:40,287: server_options_thread() 'Fetching server options from http://tiny.cc/variety-options-063'
ERROR: 2020-01-18 15:32:40,408: server_options_thread() 'Could not fetch Variety serverside options'
Traceback (most recent call last):
  File "/usr/lib/python3.8/site-packages/urllib3/connection.py", line 156, in _new_conn
    conn = connection.create_connection(
  File "/usr/lib/python3.8/site-packages/urllib3/util/connection.py", line 84, in create_connection
    raise err
  File "/usr/lib/python3.8/site-packages/urllib3/util/connection.py", line 74, in create_connection
    sock.connect(sa)
ConnectionRefusedError: [Errno 111] 拒绝连接

During handling of the above exception, another exception occurred:

Traceback (most recent call last):
  File "/usr/lib/python3.8/site-packages/urllib3/connectionpool.py", line 665, in urlopen
    httplib_response = self._make_request(
  File "/usr/lib/python3.8/site-packages/urllib3/connectionpool.py", line 387, in _make_request
    conn.request(method, url, **httplib_request_kw)
  File "/usr/lib/python3.8/http/client.py", line 1230, in request
    self._send_request(method, url, body, headers, encode_chunked)
  File "/usr/lib/python3.8/http/client.py", line 1276, in _send_request
    self.endheaders(body, encode_chunked=encode_chunked)
  File "/usr/lib/python3.8/http/client.py", line 1225, in endheaders
    self._send_output(message_body, encode_chunked=encode_chunked)
  File "/usr/lib/python3.8/http/client.py", line 1004, in _send_output
    self.send(msg)
  File "/usr/lib/python3.8/http/client.py", line 944, in send
    self.connect()
  File "/usr/lib/python3.8/site-packages/urllib3/connection.py", line 184, in connect
    conn = self._new_conn()
  File "/usr/lib/python3.8/site-packages/urllib3/connection.py", line 168, in _new_conn
    raise NewConnectionError(
urllib3.exceptions.NewConnectionError: <urllib3.connection.HTTPConnection object at 0x7fa560168bb0>: Failed to establish a new connection: [Errno 111] 拒绝连接

During handling of the above exception, another exception occurred:

Traceback (most recent call last):
  File "/usr/lib/python3.8/site-packages/requests/adapters.py", line 439, in send
    resp = conn.urlopen(
  File "/usr/lib/python3.8/site-packages/urllib3/connectionpool.py", line 719, in urlopen
    retries = retries.increment(
  File "/usr/lib/python3.8/site-packages/urllib3/util/retry.py", line 436, in increment
    raise MaxRetryError(_pool, url, error or ResponseError(cause))
urllib3.exceptions.MaxRetryError: HTTPConnectionPool(host='tiny.cc', port=80): Max retries exceeded with url: /variety-options-063 (Caused by NewConnectionError('<urllib3.connection.HTTPConnection object at 0x7fa560168bb0>: Failed to establish a new connection: [Errno 111] 拒绝连接'))

During handling of the above exception, another exception occurred:

Traceback (most recent call last):
  File "/usr/lib/python3.8/site-packages/variety/VarietyWindow.py", line 1087, in server_options_thread
    self.server_options = Util.fetch_json(VarietyWindow.SERVERSIDE_OPTIONS_URL)
  File "/usr/lib/python3.8/site-packages/variety/Util.py", line 643, in fetch_json
    return Util.request(url, data, **request_kwargs).json()
  File "/usr/lib/python3.8/site-packages/variety/Util.py", line 612, in request
    r = requests.request(
  File "/usr/lib/python3.8/site-packages/requests/api.py", line 60, in request
    return session.request(method=method, url=url, **kwargs)
  File "/usr/lib/python3.8/site-packages/requests/sessions.py", line 533, in request
    resp = self.send(prep, **send_kwargs)
  File "/usr/lib/python3.8/site-packages/requests/sessions.py", line 646, in send
    r = adapter.send(request, **kwargs)
  File "/usr/lib/python3.8/site-packages/requests/adapters.py", line 516, in send
    raise ConnectionError(e, request=request)
requests.exceptions.ConnectionError: HTTPConnectionPool(host='tiny.cc', port=80): Max retries exceeded with url: /variety-options-063 (Caused by NewConnectionError('<urllib3.connection.HTTPConnection object at 0x7fa560168bb0>: Failed to establish a new connection: [Errno 111] 拒绝连接'))
INFO: 2020-01-18 15:33:00,989: clock_thread_method() 'clock_thread updates wallpaper'
INFO: 2020-01-18 15:33:00,990: do_set_wp() 'Calling do_set_wp with /usr/share/wallpapers/Next/contents/images/1920x1080.png, time: 1579361580.990758'
INFO: 2020-01-18 15:33:00,994: compute_trimmed_offsets() 'Trimmed offsets debug info: w:1920, h:1080, ratio:1.777778, iw:1920, ih:1080, scw:1920, sch:1080, ho:0, vo:0'
INFO: 2020-01-18 15:33:00,995: build_imagemagick_clock_cmd() 'Applying clock filter: -density 100 -font `fc-match -f '%{file[0]}' 'Sans:Bold:70'` -pointsize 70 -gravity SouthEast -fill '#00000044' -annotate 0x0+58+108 '15:33' -fill white -annotate 0x0+60+110 '15:33' -font `fc-match -f '%{file[0]}' 'Sans:32'` -pointsize 32 -fill '#00000044' -annotate 0x0+58+58 '星期六, 一月 18' -fill white -annotate 0x0+60+60 '星期六, 一月 18''
INFO: 2020-01-18 15:33:00,995: build_imagemagick_clock_cmd() 'ImageMagick clock cmd: convert /usr/share/wallpapers/Next/contents/images/1920x1080.png -scale 1920x1080^ -density 100 -font `fc-match -f '%{file[0]}' 'Sans:Bold:70'` -pointsize 70 -gravity SouthEast -fill '#00000044' -annotate 0x0+58+108 '15:33' -fill white -annotate 0x0+60+110 '15:33' -font `fc-match -f '%{file[0]}' 'Sans:32'` -pointsize 32 -fill '#00000044' -annotate 0x0+58+58 '星期六, 一月 18' -fill white -annotate 0x0+60+60 '星期六, 一月 18' /home/harold/.config/variety/wallpaper/wallpaper-clock-eec0c0d061b9c768cc3c24817fabb4f1.jpg'
INFO: 2020-01-18 15:33:01,197: update_indicator() 'Setting file info to: /usr/share/wallpapers/Next/contents/images/1920x1080.png'
INFO: 2020-01-18 15:33:01,199: list_files() 'More than 1 files in the folders, stop listing'
INFO: 2020-01-18 15:33:10,438: server_options_thread() 'Fetching server options from http://tiny.cc/variety-options-063'
ERROR: 2020-01-18 15:33:10,640: server_options_thread() 'Could not fetch Variety serverside options'
Traceback (most recent call last):
  File "/usr/lib/python3.8/site-packages/urllib3/connection.py", line 156, in _new_conn
    conn = connection.create_connection(
  File "/usr/lib/python3.8/site-packages/urllib3/util/connection.py", line 84, in create_connection
    raise err
  File "/usr/lib/python3.8/site-packages/urllib3/util/connection.py", line 74, in create_connection
    sock.connect(sa)
ConnectionRefusedError: [Errno 111] 拒绝连接

During handling of the above exception, another exception occurred:

Traceback (most recent call last):
  File "/usr/lib/python3.8/site-packages/urllib3/connectionpool.py", line 665, in urlopen
    httplib_response = self._make_request(
  File "/usr/lib/python3.8/site-packages/urllib3/connectionpool.py", line 387, in _make_request
    conn.request(method, url, **httplib_request_kw)
  File "/usr/lib/python3.8/http/client.py", line 1230, in request
    self._send_request(method, url, body, headers, encode_chunked)
  File "/usr/lib/python3.8/http/client.py", line 1276, in _send_request
    self.endheaders(body, encode_chunked=encode_chunked)
  File "/usr/lib/python3.8/http/client.py", line 1225, in endheaders
    self._send_output(message_body, encode_chunked=encode_chunked)
  File "/usr/lib/python3.8/http/client.py", line 1004, in _send_output
    self.send(msg)
  File "/usr/lib/python3.8/http/client.py", line 944, in send
    self.connect()
  File "/usr/lib/python3.8/site-packages/urllib3/connection.py", line 184, in connect
    conn = self._new_conn()
  File "/usr/lib/python3.8/site-packages/urllib3/connection.py", line 168, in _new_conn
    raise NewConnectionError(
urllib3.exceptions.NewConnectionError: <urllib3.connection.HTTPConnection object at 0x7fa52cbad6a0>: Failed to establish a new connection: [Errno 111] 拒绝连接

During handling of the above exception, another exception occurred:

Traceback (most recent call last):
  File "/usr/lib/python3.8/site-packages/requests/adapters.py", line 439, in send
    resp = conn.urlopen(
  File "/usr/lib/python3.8/site-packages/urllib3/connectionpool.py", line 719, in urlopen
    retries = retries.increment(
  File "/usr/lib/python3.8/site-packages/urllib3/util/retry.py", line 436, in increment
    raise MaxRetryError(_pool, url, error or ResponseError(cause))
urllib3.exceptions.MaxRetryError: HTTPConnectionPool(host='tiny.cc', port=80): Max retries exceeded with url: /variety-options-063 (Caused by NewConnectionError('<urllib3.connection.HTTPConnection object at 0x7fa52cbad6a0>: Failed to establish a new connection: [Errno 111] 拒绝连接'))

During handling of the above exception, another exception occurred:

Traceback (most recent call last):
  File "/usr/lib/python3.8/site-packages/variety/VarietyWindow.py", line 1087, in server_options_thread
    self.server_options = Util.fetch_json(VarietyWindow.SERVERSIDE_OPTIONS_URL)
  File "/usr/lib/python3.8/site-packages/variety/Util.py", line 643, in fetch_json
    return Util.request(url, data, **request_kwargs).json()
  File "/usr/lib/python3.8/site-packages/variety/Util.py", line 612, in request
    r = requests.request(
  File "/usr/lib/python3.8/site-packages/requests/api.py", line 60, in request
    return session.request(method=method, url=url, **kwargs)
  File "/usr/lib/python3.8/site-packages/requests/sessions.py", line 533, in request
    resp = self.send(prep, **send_kwargs)
  File "/usr/lib/python3.8/site-packages/requests/sessions.py", line 646, in send
    r = adapter.send(request, **kwargs)
  File "/usr/lib/python3.8/site-packages/requests/adapters.py", line 516, in send
    raise ConnectionError(e, request=request)
requests.exceptions.ConnectionError: HTTPConnectionPool(host='tiny.cc', port=80): Max retries exceeded with url: /variety-options-063 (Caused by NewConnectionError('<urllib3.connection.HTTPConnection object at 0x7fa52cbad6a0>: Failed to establish a new connection: [Errno 111] 拒绝连接'))
INFO: 2020-01-18 15:33:40,670: server_options_thread() 'Fetching server options from http://tiny.cc/variety-options-063'
ERROR: 2020-01-18 15:33:40,760: server_options_thread() 'Could not fetch Variety serverside options'
Traceback (most recent call last):
  File "/usr/lib/python3.8/site-packages/urllib3/connection.py", line 156, in _new_conn
    conn = connection.create_connection(
  File "/usr/lib/python3.8/site-packages/urllib3/util/connection.py", line 84, in create_connection
    raise err
  File "/usr/lib/python3.8/site-packages/urllib3/util/connection.py", line 74, in create_connection
    sock.connect(sa)
ConnectionRefusedError: [Errno 111] 拒绝连接

During handling of the above exception, another exception occurred:

Traceback (most recent call last):
  File "/usr/lib/python3.8/site-packages/urllib3/connectionpool.py", line 665, in urlopen
    httplib_response = self._make_request(
  File "/usr/lib/python3.8/site-packages/urllib3/connectionpool.py", line 387, in _make_request
    conn.request(method, url, **httplib_request_kw)
  File "/usr/lib/python3.8/http/client.py", line 1230, in request
    self._send_request(method, url, body, headers, encode_chunked)
  File "/usr/lib/python3.8/http/client.py", line 1276, in _send_request
    self.endheaders(body, encode_chunked=encode_chunked)
  File "/usr/lib/python3.8/http/client.py", line 1225, in endheaders
    self._send_output(message_body, encode_chunked=encode_chunked)
  File "/usr/lib/python3.8/http/client.py", line 1004, in _send_output
    self.send(msg)
  File "/usr/lib/python3.8/http/client.py", line 944, in send
    self.connect()
  File "/usr/lib/python3.8/site-packages/urllib3/connection.py", line 184, in connect
    conn = self._new_conn()
  File "/usr/lib/python3.8/site-packages/urllib3/connection.py", line 168, in _new_conn
    raise NewConnectionError(
urllib3.exceptions.NewConnectionError: <urllib3.connection.HTTPConnection object at 0x7fa52cbadf40>: Failed to establish a new connection: [Errno 111] 拒绝连接

During handling of the above exception, another exception occurred:

Traceback (most recent call last):
  File "/usr/lib/python3.8/site-packages/requests/adapters.py", line 439, in send
    resp = conn.urlopen(
  File "/usr/lib/python3.8/site-packages/urllib3/connectionpool.py", line 719, in urlopen
    retries = retries.increment(
  File "/usr/lib/python3.8/site-packages/urllib3/util/retry.py", line 436, in increment
    raise MaxRetryError(_pool, url, error or ResponseError(cause))
urllib3.exceptions.MaxRetryError: HTTPConnectionPool(host='tiny.cc', port=80): Max retries exceeded with url: /variety-options-063 (Caused by NewConnectionError('<urllib3.connection.HTTPConnection object at 0x7fa52cbadf40>: Failed to establish a new connection: [Errno 111] 拒绝连接'))

During handling of the above exception, another exception occurred:

Traceback (most recent call last):
  File "/usr/lib/python3.8/site-packages/variety/VarietyWindow.py", line 1087, in server_options_thread
    self.server_options = Util.fetch_json(VarietyWindow.SERVERSIDE_OPTIONS_URL)
  File "/usr/lib/python3.8/site-packages/variety/Util.py", line 643, in fetch_json
    return Util.request(url, data, **request_kwargs).json()
  File "/usr/lib/python3.8/site-packages/variety/Util.py", line 612, in request
    r = requests.request(
  File "/usr/lib/python3.8/site-packages/requests/api.py", line 60, in request
    return session.request(method=method, url=url, **kwargs)
  File "/usr/lib/python3.8/site-packages/requests/sessions.py", line 533, in request
    resp = self.send(prep, **send_kwargs)
  File "/usr/lib/python3.8/site-packages/requests/sessions.py", line 646, in send
    r = adapter.send(request, **kwargs)
  File "/usr/lib/python3.8/site-packages/requests/adapters.py", line 516, in send
    raise ConnectionError(e, request=request)
requests.exceptions.ConnectionError: HTTPConnectionPool(host='tiny.cc', port=80): Max retries exceeded with url: /variety-options-063 (Caused by NewConnectionError('<urllib3.connection.HTTPConnection object at 0x7fa52cbadf40>: Failed to establish a new connection: [Errno 111] 拒绝连接'))
INFO: 2020-01-18 15:34:00,056: clock_thread_method() 'clock_thread updates wallpaper'
INFO: 2020-01-18 15:34:00,057: do_set_wp() 'Calling do_set_wp with /usr/share/wallpapers/Next/contents/images/1920x1080.png, time: 1579361640.0574796'
INFO: 2020-01-18 15:34:00,061: compute_trimmed_offsets() 'Trimmed offsets debug info: w:1920, h:1080, ratio:1.777778, iw:1920, ih:1080, scw:1920, sch:1080, ho:0, vo:0'
INFO: 2020-01-18 15:34:00,062: build_imagemagick_clock_cmd() 'Applying clock filter: -density 100 -font `fc-match -f '%{file[0]}' 'Sans:Bold:70'` -pointsize 70 -gravity SouthEast -fill '#00000044' -annotate 0x0+58+108 '15:34' -fill white -annotate 0x0+60+110 '15:34' -font `fc-match -f '%{file[0]}' 'Sans:32'` -pointsize 32 -fill '#00000044' -annotate 0x0+58+58 '星期六, 一月 18' -fill white -annotate 0x0+60+60 '星期六, 一月 18''
INFO: 2020-01-18 15:34:00,062: build_imagemagick_clock_cmd() 'ImageMagick clock cmd: convert /usr/share/wallpapers/Next/contents/images/1920x1080.png -scale 1920x1080^ -density 100 -font `fc-match -f '%{file[0]}' 'Sans:Bold:70'` -pointsize 70 -gravity SouthEast -fill '#00000044' -annotate 0x0+58+108 '15:34' -fill white -annotate 0x0+60+110 '15:34' -font `fc-match -f '%{file[0]}' 'Sans:32'` -pointsize 32 -fill '#00000044' -annotate 0x0+58+58 '星期六, 一月 18' -fill white -annotate 0x0+60+60 '星期六, 一月 18' /home/harold/.config/variety/wallpaper/wallpaper-clock-776b9b726daf03190f72a281e1976e95.jpg'
INFO: 2020-01-18 15:34:00,245: update_indicator() 'Setting file info to: /usr/share/wallpapers/Next/contents/images/1920x1080.png'
INFO: 2020-01-18 15:34:00,247: list_files() 'More than 1 files in the folders, stop listing'
INFO: 2020-01-18 15:35:00,124: clock_thread_method() 'clock_thread updates wallpaper'
INFO: 2020-01-18 15:35:00,125: do_set_wp() 'Calling do_set_wp with /usr/share/wallpapers/Next/contents/images/1920x1080.png, time: 1579361700.1250167'
INFO: 2020-01-18 15:35:00,126: compute_trimmed_offsets() 'Trimmed offsets debug info: w:1920, h:1080, ratio:1.777778, iw:1920, ih:1080, scw:1920, sch:1080, ho:0, vo:0'
INFO: 2020-01-18 15:35:00,126: build_imagemagick_clock_cmd() 'Applying clock filter: -density 100 -font `fc-match -f '%{file[0]}' 'Sans:Bold:70'` -pointsize 70 -gravity SouthEast -fill '#00000044' -annotate 0x0+58+108 '15:35' -fill white -annotate 0x0+60+110 '15:35' -font `fc-match -f '%{file[0]}' 'Sans:32'` -pointsize 32 -fill '#00000044' -annotate 0x0+58+58 '星期六, 一月 18' -fill white -annotate 0x0+60+60 '星期六, 一月 18''
INFO: 2020-01-18 15:35:00,126: build_imagemagick_clock_cmd() 'ImageMagick clock cmd: convert /usr/share/wallpapers/Next/contents/images/1920x1080.png -scale 1920x1080^ -density 100 -font `fc-match -f '%{file[0]}' 'Sans:Bold:70'` -pointsize 70 -gravity SouthEast -fill '#00000044' -annotate 0x0+58+108 '15:35' -fill white -annotate 0x0+60+110 '15:35' -font `fc-match -f '%{file[0]}' 'Sans:32'` -pointsize 32 -fill '#00000044' -annotate 0x0+58+58 '星期六, 一月 18' -fill white -annotate 0x0+60+60 '星期六, 一月 18' /home/harold/.config/variety/wallpaper/wallpaper-clock-3c2ce66b8d8bbb0315b006ae049e19ea.jpg'
INFO: 2020-01-18 15:35:00,403: update_indicator() 'Setting file info to: /usr/share/wallpapers/Next/contents/images/1920x1080.png'
INFO: 2020-01-18 15:35:00,408: list_files() 'More than 1 files in the folders, stop listing'
INFO: 2020-01-18 15:36:00,190: clock_thread_method() 'clock_thread updates wallpaper'
INFO: 2020-01-18 15:36:00,192: do_set_wp() 'Calling do_set_wp with /usr/share/wallpapers/Next/contents/images/1920x1080.png, time: 1579361760.1920023'
INFO: 2020-01-18 15:36:00,195: compute_trimmed_offsets() 'Trimmed offsets debug info: w:1920, h:1080, ratio:1.777778, iw:1920, ih:1080, scw:1920, sch:1080, ho:0, vo:0'
INFO: 2020-01-18 15:36:00,196: build_imagemagick_clock_cmd() 'Applying clock filter: -density 100 -font `fc-match -f '%{file[0]}' 'Sans:Bold:70'` -pointsize 70 -gravity SouthEast -fill '#00000044' -annotate 0x0+58+108 '15:36' -fill white -annotate 0x0+60+110 '15:36' -font `fc-match -f '%{file[0]}' 'Sans:32'` -pointsize 32 -fill '#00000044' -annotate 0x0+58+58 '星期六, 一月 18' -fill white -annotate 0x0+60+60 '星期六, 一月 18''
INFO: 2020-01-18 15:36:00,196: build_imagemagick_clock_cmd() 'ImageMagick clock cmd: convert /usr/share/wallpapers/Next/contents/images/1920x1080.png -scale 1920x1080^ -density 100 -font `fc-match -f '%{file[0]}' 'Sans:Bold:70'` -pointsize 70 -gravity SouthEast -fill '#00000044' -annotate 0x0+58+108 '15:36' -fill white -annotate 0x0+60+110 '15:36' -font `fc-match -f '%{file[0]}' 'Sans:32'` -pointsize 32 -fill '#00000044' -annotate 0x0+58+58 '星期六, 一月 18' -fill white -annotate 0x0+60+60 '星期六, 一月 18' /home/harold/.config/variety/wallpaper/wallpaper-clock-2ace15eb7a770058c97e492197f4b336.jpg'
INFO: 2020-01-18 15:36:00,396: update_indicator() 'Setting file info to: /usr/share/wallpapers/Next/contents/images/1920x1080.png'
INFO: 2020-01-18 15:36:00,398: list_files() 'More than 1 files in the folders, stop listing'
INFO: 2020-01-18 15:36:19,868: regular_change_thread() 'regular_change changes wallpaper'
INFO: 2020-01-18 15:36:19,869: set_wallpaper() 'Calling set_wallpaper with /home/harold/Pictures/壁纸A/枫树.png'
INFO: 2020-01-18 15:36:19,870: prepare_thread() 'Prepared buffer contains 54 images'
INFO: 2020-01-18 15:36:19,870: do_set_wp() 'Calling do_set_wp with /home/harold/Pictures/壁纸A/枫树.png, time: 1579361779.8709297'
INFO: 2020-01-18 15:36:19,875: compute_trimmed_offsets() 'Trimmed offsets debug info: w:1920, h:1080, ratio:1.777778, iw:1920, ih:1034, scw:2005, sch:1080, ho:42, vo:0'
INFO: 2020-01-18 15:36:19,876: build_imagemagick_clock_cmd() 'Applying clock filter: -density 100 -font `fc-match -f '%{file[0]}' 'Sans:Bold:70'` -pointsize 70 -gravity SouthEast -fill '#00000044' -annotate 0x0+100+108 '15:36' -fill white -annotate 0x0+102+110 '15:36' -font `fc-match -f '%{file[0]}' 'Sans:32'` -pointsize 32 -fill '#00000044' -annotate 0x0+100+58 '星期六, 一月 18' -fill white -annotate 0x0+102+60 '星期六, 一月 18''
INFO: 2020-01-18 15:36:19,876: build_imagemagick_clock_cmd() 'ImageMagick clock cmd: convert '/home/harold/Pictures/壁纸A/枫树.png' -scale 1920x1080^ -density 100 -font `fc-match -f '%{file[0]}' 'Sans:Bold:70'` -pointsize 70 -gravity SouthEast -fill '#00000044' -annotate 0x0+100+108 '15:36' -fill white -annotate 0x0+102+110 '15:36' -font `fc-match -f '%{file[0]}' 'Sans:32'` -pointsize 32 -fill '#00000044' -annotate 0x0+100+58 '星期六, 一月 18' -fill white -annotate 0x0+102+60 '星期六, 一月 18' /home/harold/.config/variety/wallpaper/wallpaper-clock-7987fad705139e7eea03b12ff0461344.jpg'
INFO: 2020-01-18 15:36:20,183: update_indicator() 'Setting file info to: /home/harold/Pictures/壁纸A/枫树.png'
INFO: 2020-01-18 15:36:20,185: list_files() 'More than 1 files in the folders, stop listing'
INFO: 2020-01-18 15:36:21,872: trigger_download() 'Triggering download thread to check if download needed'
INFO: 2020-01-18 15:37:00,257: clock_thread_method() 'clock_thread updates wallpaper'
INFO: 2020-01-18 15:37:00,258: do_set_wp() 'Calling do_set_wp with /home/harold/Pictures/壁纸A/枫树.png, time: 1579361820.2584481'
INFO: 2020-01-18 15:37:00,261: compute_trimmed_offsets() 'Trimmed offsets debug info: w:1920, h:1080, ratio:1.777778, iw:1920, ih:1034, scw:2005, sch:1080, ho:42, vo:0'
INFO: 2020-01-18 15:37:00,262: build_imagemagick_clock_cmd() 'Applying clock filter: -density 100 -font `fc-match -f '%{file[0]}' 'Sans:Bold:70'` -pointsize 70 -gravity SouthEast -fill '#00000044' -annotate 0x0+100+108 '15:37' -fill white -annotate 0x0+102+110 '15:37' -font `fc-match -f '%{file[0]}' 'Sans:32'` -pointsize 32 -fill '#00000044' -annotate 0x0+100+58 '星期六, 一月 18' -fill white -annotate 0x0+102+60 '星期六, 一月 18''
INFO: 2020-01-18 15:37:00,263: build_imagemagick_clock_cmd() 'ImageMagick clock cmd: convert '/home/harold/Pictures/壁纸A/枫树.png' -scale 1920x1080^ -density 100 -font `fc-match -f '%{file[0]}' 'Sans:Bold:70'` -pointsize 70 -gravity SouthEast -fill '#00000044' -annotate 0x0+100+108 '15:37' -fill white -annotate 0x0+102+110 '15:37' -font `fc-match -f '%{file[0]}' 'Sans:32'` -pointsize 32 -fill '#00000044' -annotate 0x0+100+58 '星期六, 一月 18' -fill white -annotate 0x0+102+60 '星期六, 一月 18' /home/harold/.config/variety/wallpaper/wallpaper-clock-da81a6beb304d52387fedd8187a82695.jpg'
INFO: 2020-01-18 15:37:00,600: update_indicator() 'Setting file info to: /home/harold/Pictures/壁纸A/枫树.png'
INFO: 2020-01-18 15:37:00,601: list_files() 'More than 1 files in the folders, stop listing'
INFO: 2020-01-18 15:38:00,324: clock_thread_method() 'clock_thread updates wallpaper'
INFO: 2020-01-18 15:38:00,325: do_set_wp() 'Calling do_set_wp with /home/harold/Pictures/壁纸A/枫树.png, time: 1579361880.3253355'
INFO: 2020-01-18 15:38:00,327: compute_trimmed_offsets() 'Trimmed offsets debug info: w:1920, h:1080, ratio:1.777778, iw:1920, ih:1034, scw:2005, sch:1080, ho:42, vo:0'
INFO: 2020-01-18 15:38:00,328: build_imagemagick_clock_cmd() 'Applying clock filter: -density 100 -font `fc-match -f '%{file[0]}' 'Sans:Bold:70'` -pointsize 70 -gravity SouthEast -fill '#00000044' -annotate 0x0+100+108 '15:38' -fill white -annotate 0x0+102+110 '15:38' -font `fc-match -f '%{file[0]}' 'Sans:32'` -pointsize 32 -fill '#00000044' -annotate 0x0+100+58 '星期六, 一月 18' -fill white -annotate 0x0+102+60 '星期六, 一月 18''
INFO: 2020-01-18 15:38:00,328: build_imagemagick_clock_cmd() 'ImageMagick clock cmd: convert '/home/harold/Pictures/壁纸A/枫树.png' -scale 1920x1080^ -density 100 -font `fc-match -f '%{file[0]}' 'Sans:Bold:70'` -pointsize 70 -gravity SouthEast -fill '#00000044' -annotate 0x0+100+108 '15:38' -fill white -annotate 0x0+102+110 '15:38' -font `fc-match -f '%{file[0]}' 'Sans:32'` -pointsize 32 -fill '#00000044' -annotate 0x0+100+58 '星期六, 一月 18' -fill white -annotate 0x0+102+60 '星期六, 一月 18' /home/harold/.config/variety/wallpaper/wallpaper-clock-dd435a663ea83b17e6f2b2de521142b3.jpg'
INFO: 2020-01-18 15:38:00,637: update_indicator() 'Setting file info to: /home/harold/Pictures/壁纸A/枫树.png'
INFO: 2020-01-18 15:38:00,638: list_files() 'More than 1 files in the folders, stop listing'
INFO: 2020-01-18 15:39:00,390: clock_thread_method() 'clock_thread updates wallpaper'
INFO: 2020-01-18 15:39:00,392: do_set_wp() 'Calling do_set_wp with /home/harold/Pictures/壁纸A/枫树.png, time: 1579361940.3922346'
INFO: 2020-01-18 15:39:00,397: compute_trimmed_offsets() 'Trimmed offsets debug info: w:1920, h:1080, ratio:1.777778, iw:1920, ih:1034, scw:2005, sch:1080, ho:42, vo:0'
INFO: 2020-01-18 15:39:00,397: build_imagemagick_clock_cmd() 'Applying clock filter: -density 100 -font `fc-match -f '%{file[0]}' 'Sans:Bold:70'` -pointsize 70 -gravity SouthEast -fill '#00000044' -annotate 0x0+100+108 '15:39' -fill white -annotate 0x0+102+110 '15:39' -font `fc-match -f '%{file[0]}' 'Sans:32'` -pointsize 32 -fill '#00000044' -annotate 0x0+100+58 '星期六, 一月 18' -fill white -annotate 0x0+102+60 '星期六, 一月 18''
INFO: 2020-01-18 15:39:00,398: build_imagemagick_clock_cmd() 'ImageMagick clock cmd: convert '/home/harold/Pictures/壁纸A/枫树.png' -scale 1920x1080^ -density 100 -font `fc-match -f '%{file[0]}' 'Sans:Bold:70'` -pointsize 70 -gravity SouthEast -fill '#00000044' -annotate 0x0+100+108 '15:39' -fill white -annotate 0x0+102+110 '15:39' -font `fc-match -f '%{file[0]}' 'Sans:32'` -pointsize 32 -fill '#00000044' -annotate 0x0+100+58 '星期六, 一月 18' -fill white -annotate 0x0+102+60 '星期六, 一月 18' /home/harold/.config/variety/wallpaper/wallpaper-clock-8033ecf0740583b7b22e23730c9b3222.jpg'
INFO: 2020-01-18 15:39:00,996: update_indicator() 'Setting file info to: /home/harold/Pictures/壁纸A/枫树.png'
INFO: 2020-01-18 15:39:00,998: list_files() 'More than 1 files in the folders, stop listing'
INFO: 2020-01-18 15:40:00,456: clock_thread_method() 'clock_thread updates wallpaper'
INFO: 2020-01-18 15:40:00,458: do_set_wp() 'Calling do_set_wp with /home/harold/Pictures/壁纸A/枫树.png, time: 1579362000.4588258'
INFO: 2020-01-18 15:40:00,462: compute_trimmed_offsets() 'Trimmed offsets debug info: w:1920, h:1080, ratio:1.777778, iw:1920, ih:1034, scw:2005, sch:1080, ho:42, vo:0'
INFO: 2020-01-18 15:40:00,463: build_imagemagick_clock_cmd() 'Applying clock filter: -density 100 -font `fc-match -f '%{file[0]}' 'Sans:Bold:70'` -pointsize 70 -gravity SouthEast -fill '#00000044' -annotate 0x0+100+108 '15:40' -fill white -annotate 0x0+102+110 '15:40' -font `fc-match -f '%{file[0]}' 'Sans:32'` -pointsize 32 -fill '#00000044' -annotate 0x0+100+58 '星期六, 一月 18' -fill white -annotate 0x0+102+60 '星期六, 一月 18''
INFO: 2020-01-18 15:40:00,464: build_imagemagick_clock_cmd() 'ImageMagick clock cmd: convert '/home/harold/Pictures/壁纸A/枫树.png' -scale 1920x1080^ -density 100 -font `fc-match -f '%{file[0]}' 'Sans:Bold:70'` -pointsize 70 -gravity SouthEast -fill '#00000044' -annotate 0x0+100+108 '15:40' -fill white -annotate 0x0+102+110 '15:40' -font `fc-match -f '%{file[0]}' 'Sans:32'` -pointsize 32 -fill '#00000044' -annotate 0x0+100+58 '星期六, 一月 18' -fill white -annotate 0x0+102+60 '星期六, 一月 18' /home/harold/.config/variety/wallpaper/wallpaper-clock-298b4fd96e97519739aeb484fdfb0eb7.jpg'
INFO: 2020-01-18 15:40:00,960: update_indicator() 'Setting file info to: /home/harold/Pictures/壁纸A/枫树.png'
INFO: 2020-01-18 15:40:00,962: list_files() 'More than 1 files in the folders, stop listing'
INFO: 2020-01-18 15:41:00,526: clock_thread_method() 'clock_thread updates wallpaper'
INFO: 2020-01-18 15:41:00,529: do_set_wp() 'Calling do_set_wp with /home/harold/Pictures/壁纸A/枫树.png, time: 1579362060.5289483'
INFO: 2020-01-18 15:41:00,533: compute_trimmed_offsets() 'Trimmed offsets debug info: w:1920, h:1080, ratio:1.777778, iw:1920, ih:1034, scw:2005, sch:1080, ho:42, vo:0'
INFO: 2020-01-18 15:41:00,534: build_imagemagick_clock_cmd() 'Applying clock filter: -density 100 -font `fc-match -f '%{file[0]}' 'Sans:Bold:70'` -pointsize 70 -gravity SouthEast -fill '#00000044' -annotate 0x0+100+108 '15:41' -fill white -annotate 0x0+102+110 '15:41' -font `fc-match -f '%{file[0]}' 'Sans:32'` -pointsize 32 -fill '#00000044' -annotate 0x0+100+58 '星期六, 一月 18' -fill white -annotate 0x0+102+60 '星期六, 一月 18''
INFO: 2020-01-18 15:41:00,534: build_imagemagick_clock_cmd() 'ImageMagick clock cmd: convert '/home/harold/Pictures/壁纸A/枫树.png' -scale 1920x1080^ -density 100 -font `fc-match -f '%{file[0]}' 'Sans:Bold:70'` -pointsize 70 -gravity SouthEast -fill '#00000044' -annotate 0x0+100+108 '15:41' -fill white -annotate 0x0+102+110 '15:41' -font `fc-match -f '%{file[0]}' 'Sans:32'` -pointsize 32 -fill '#00000044' -annotate 0x0+100+58 '星期六, 一月 18' -fill white -annotate 0x0+102+60 '星期六, 一月 18' /home/harold/.config/variety/wallpaper/wallpaper-clock-2c08ac17c8b2df268d6b199d348687b3.jpg'
INFO: 2020-01-18 15:41:01,033: update_indicator() 'Setting file info to: /home/harold/Pictures/壁纸A/枫树.png'
INFO: 2020-01-18 15:41:01,035: list_files() 'More than 1 files in the folders, stop listing'
INFO: 2020-01-18 15:41:20,211: regular_change_thread() 'regular_change changes wallpaper'
INFO: 2020-01-18 15:41:20,212: set_wallpaper() 'Calling set_wallpaper with /home/harold/Pictures/壁纸A/firewatch-forest-landscape-in-game-minimalistic-games-7558-2.jpg'
INFO: 2020-01-18 15:41:20,214: prepare_thread() 'Prepared buffer contains 53 images'
INFO: 2020-01-18 15:41:20,215: do_set_wp() 'Calling do_set_wp with /home/harold/Pictures/壁纸A/firewatch-forest-landscape-in-game-minimalistic-games-7558-2.jpg, time: 1579362080.2158031'
INFO: 2020-01-18 15:41:20,217: compute_trimmed_offsets() 'Trimmed offsets debug info: w:1920, h:1080, ratio:1.777778, iw:1920, ih:1080, scw:1920, sch:1080, ho:0, vo:0'
INFO: 2020-01-18 15:41:20,217: build_imagemagick_clock_cmd() 'Applying clock filter: -density 100 -font `fc-match -f '%{file[0]}' 'Sans:Bold:70'` -pointsize 70 -gravity SouthEast -fill '#00000044' -annotate 0x0+58+108 '15:41' -fill white -annotate 0x0+60+110 '15:41' -font `fc-match -f '%{file[0]}' 'Sans:32'` -pointsize 32 -fill '#00000044' -annotate 0x0+58+58 '星期六, 一月 18' -fill white -annotate 0x0+60+60 '星期六, 一月 18''
INFO: 2020-01-18 15:41:20,217: build_imagemagick_clock_cmd() 'ImageMagick clock cmd: convert '/home/harold/Pictures/壁纸A/firewatch-forest-landscape-in-game-minimalistic-games-7558-2.jpg' -scale 1920x1080^ -density 100 -font `fc-match -f '%{file[0]}' 'Sans:Bold:70'` -pointsize 70 -gravity SouthEast -fill '#00000044' -annotate 0x0+58+108 '15:41' -fill white -annotate 0x0+60+110 '15:41' -font `fc-match -f '%{file[0]}' 'Sans:32'` -pointsize 32 -fill '#00000044' -annotate 0x0+58+58 '星期六, 一月 18' -fill white -annotate 0x0+60+60 '星期六, 一月 18' /home/harold/.config/variety/wallpaper/wallpaper-clock-c78d445257a79c4215450fbebdcd1d0c.jpg'
INFO: 2020-01-18 15:41:20,510: update_indicator() 'Setting file info to: /home/harold/Pictures/壁纸A/firewatch-forest-landscape-in-game-minimalistic-games-7558-2.jpg'
INFO: 2020-01-18 15:41:20,513: list_files() 'More than 1 files in the folders, stop listing'
INFO: 2020-01-18 15:41:22,216: trigger_download() 'Triggering download thread to check if download needed'
INFO: 2020-01-18 15:42:00,596: clock_thread_method() 'clock_thread updates wallpaper'
INFO: 2020-01-18 15:42:00,597: do_set_wp() 'Calling do_set_wp with /home/harold/Pictures/壁纸A/firewatch-forest-landscape-in-game-minimalistic-games-7558-2.jpg, time: 1579362120.5977688'
INFO: 2020-01-18 15:42:00,598: compute_trimmed_offsets() 'Trimmed offsets debug info: w:1920, h:1080, ratio:1.777778, iw:1920, ih:1080, scw:1920, sch:1080, ho:0, vo:0'
INFO: 2020-01-18 15:42:00,598: build_imagemagick_clock_cmd() 'Applying clock filter: -density 100 -font `fc-match -f '%{file[0]}' 'Sans:Bold:70'` -pointsize 70 -gravity SouthEast -fill '#00000044' -annotate 0x0+58+108 '15:42' -fill white -annotate 0x0+60+110 '15:42' -font `fc-match -f '%{file[0]}' 'Sans:32'` -pointsize 32 -fill '#00000044' -annotate 0x0+58+58 '星期六, 一月 18' -fill white -annotate 0x0+60+60 '星期六, 一月 18''
INFO: 2020-01-18 15:42:00,598: build_imagemagick_clock_cmd() 'ImageMagick clock cmd: convert '/home/harold/Pictures/壁纸A/firewatch-forest-landscape-in-game-minimalistic-games-7558-2.jpg' -scale 1920x1080^ -density 100 -font `fc-match -f '%{file[0]}' 'Sans:Bold:70'` -pointsize 70 -gravity SouthEast -fill '#00000044' -annotate 0x0+58+108 '15:42' -fill white -annotate 0x0+60+110 '15:42' -font `fc-match -f '%{file[0]}' 'Sans:32'` -pointsize 32 -fill '#00000044' -annotate 0x0+58+58 '星期六, 一月 18' -fill white -annotate 0x0+60+60 '星期六, 一月 18' /home/harold/.config/variety/wallpaper/wallpaper-clock-463faea220c6756d864336331960bda8.jpg'
INFO: 2020-01-18 15:42:00,897: update_indicator() 'Setting file info to: /home/harold/Pictures/壁纸A/firewatch-forest-landscape-in-game-minimalistic-games-7558-2.jpg'
INFO: 2020-01-18 15:42:00,899: list_files() 'More than 1 files in the folders, stop listing'
INFO: 2020-01-18 15:43:00,662: clock_thread_method() 'clock_thread updates wallpaper'
INFO: 2020-01-18 15:43:00,663: do_set_wp() 'Calling do_set_wp with /home/harold/Pictures/壁纸A/firewatch-forest-landscape-in-game-minimalistic-games-7558-2.jpg, time: 1579362180.6634827'
INFO: 2020-01-18 15:43:00,667: compute_trimmed_offsets() 'Trimmed offsets debug info: w:1920, h:1080, ratio:1.777778, iw:1920, ih:1080, scw:1920, sch:1080, ho:0, vo:0'
INFO: 2020-01-18 15:43:00,668: build_imagemagick_clock_cmd() 'Applying clock filter: -density 100 -font `fc-match -f '%{file[0]}' 'Sans:Bold:70'` -pointsize 70 -gravity SouthEast -fill '#00000044' -annotate 0x0+58+108 '15:43' -fill white -annotate 0x0+60+110 '15:43' -font `fc-match -f '%{file[0]}' 'Sans:32'` -pointsize 32 -fill '#00000044' -annotate 0x0+58+58 '星期六, 一月 18' -fill white -annotate 0x0+60+60 '星期六, 一月 18''
INFO: 2020-01-18 15:43:00,668: build_imagemagick_clock_cmd() 'ImageMagick clock cmd: convert '/home/harold/Pictures/壁纸A/firewatch-forest-landscape-in-game-minimalistic-games-7558-2.jpg' -scale 1920x1080^ -density 100 -font `fc-match -f '%{file[0]}' 'Sans:Bold:70'` -pointsize 70 -gravity SouthEast -fill '#00000044' -annotate 0x0+58+108 '15:43' -fill white -annotate 0x0+60+110 '15:43' -font `fc-match -f '%{file[0]}' 'Sans:32'` -pointsize 32 -fill '#00000044' -annotate 0x0+58+58 '星期六, 一月 18' -fill white -annotate 0x0+60+60 '星期六, 一月 18' /home/harold/.config/variety/wallpaper/wallpaper-clock-43baa498dd60d4d9b1226b6d41d75c37.jpg'
INFO: 2020-01-18 15:43:00,947: update_indicator() 'Setting file info to: /home/harold/Pictures/壁纸A/firewatch-forest-landscape-in-game-minimalistic-games-7558-2.jpg'
INFO: 2020-01-18 15:43:00,949: list_files() 'More than 1 files in the folders, stop listing'
INFO: 2020-01-18 15:44:00,732: clock_thread_method() 'clock_thread updates wallpaper'
INFO: 2020-01-18 15:44:00,733: do_set_wp() 'Calling do_set_wp with /home/harold/Pictures/壁纸A/firewatch-forest-landscape-in-game-minimalistic-games-7558-2.jpg, time: 1579362240.7336786'
INFO: 2020-01-18 15:44:00,735: compute_trimmed_offsets() 'Trimmed offsets debug info: w:1920, h:1080, ratio:1.777778, iw:1920, ih:1080, scw:1920, sch:1080, ho:0, vo:0'
INFO: 2020-01-18 15:44:00,736: build_imagemagick_clock_cmd() 'Applying clock filter: -density 100 -font `fc-match -f '%{file[0]}' 'Sans:Bold:70'` -pointsize 70 -gravity SouthEast -fill '#00000044' -annotate 0x0+58+108 '15:44' -fill white -annotate 0x0+60+110 '15:44' -font `fc-match -f '%{file[0]}' 'Sans:32'` -pointsize 32 -fill '#00000044' -annotate 0x0+58+58 '星期六, 一月 18' -fill white -annotate 0x0+60+60 '星期六, 一月 18''
INFO: 2020-01-18 15:44:00,736: build_imagemagick_clock_cmd() 'ImageMagick clock cmd: convert '/home/harold/Pictures/壁纸A/firewatch-forest-landscape-in-game-minimalistic-games-7558-2.jpg' -scale 1920x1080^ -density 100 -font `fc-match -f '%{file[0]}' 'Sans:Bold:70'` -pointsize 70 -gravity SouthEast -fill '#00000044' -annotate 0x0+58+108 '15:44' -fill white -annotate 0x0+60+110 '15:44' -font `fc-match -f '%{file[0]}' 'Sans:32'` -pointsize 32 -fill '#00000044' -annotate 0x0+58+58 '星期六, 一月 18' -fill white -annotate 0x0+60+60 '星期六, 一月 18' /home/harold/.config/variety/wallpaper/wallpaper-clock-7bff5e16a3580e5fa8732ae18ec5f2c0.jpg'
INFO: 2020-01-18 15:44:01,034: update_indicator() 'Setting file info to: /home/harold/Pictures/壁纸A/firewatch-forest-landscape-in-game-minimalistic-games-7558-2.jpg'
INFO: 2020-01-18 15:44:01,034: list_files() 'More than 1 files in the folders, stop listing'
INFO: 2020-01-18 15:45:00,798: clock_thread_method() 'clock_thread updates wallpaper'
INFO: 2020-01-18 15:45:00,799: do_set_wp() 'Calling do_set_wp with /home/harold/Pictures/壁纸A/firewatch-forest-landscape-in-game-minimalistic-games-7558-2.jpg, time: 1579362300.7998514'
INFO: 2020-01-18 15:45:00,802: compute_trimmed_offsets() 'Trimmed offsets debug info: w:1920, h:1080, ratio:1.777778, iw:1920, ih:1080, scw:1920, sch:1080, ho:0, vo:0'
INFO: 2020-01-18 15:45:00,802: build_imagemagick_clock_cmd() 'Applying clock filter: -density 100 -font `fc-match -f '%{file[0]}' 'Sans:Bold:70'` -pointsize 70 -gravity SouthEast -fill '#00000044' -annotate 0x0+58+108 '15:45' -fill white -annotate 0x0+60+110 '15:45' -font `fc-match -f '%{file[0]}' 'Sans:32'` -pointsize 32 -fill '#00000044' -annotate 0x0+58+58 '星期六, 一月 18' -fill white -annotate 0x0+60+60 '星期六, 一月 18''
INFO: 2020-01-18 15:45:00,803: build_imagemagick_clock_cmd() 'ImageMagick clock cmd: convert '/home/harold/Pictures/壁纸A/firewatch-forest-landscape-in-game-minimalistic-games-7558-2.jpg' -scale 1920x1080^ -density 100 -font `fc-match -f '%{file[0]}' 'Sans:Bold:70'` -pointsize 70 -gravity SouthEast -fill '#00000044' -annotate 0x0+58+108 '15:45' -fill white -annotate 0x0+60+110 '15:45' -font `fc-match -f '%{file[0]}' 'Sans:32'` -pointsize 32 -fill '#00000044' -annotate 0x0+58+58 '星期六, 一月 18' -fill white -annotate 0x0+60+60 '星期六, 一月 18' /home/harold/.config/variety/wallpaper/wallpaper-clock-f3aa1dd985439a414ef6acd9d79bd7bc.jpg'
INFO: 2020-01-18 15:45:00,996: update_indicator() 'Setting file info to: /home/harold/Pictures/壁纸A/firewatch-forest-landscape-in-game-minimalistic-games-7558-2.jpg'
INFO: 2020-01-18 15:45:00,998: list_files() 'More than 1 files in the folders, stop listing'
INFO: 2020-01-18 15:46:00,866: clock_thread_method() 'clock_thread updates wallpaper'
INFO: 2020-01-18 15:46:00,868: do_set_wp() 'Calling do_set_wp with /home/harold/Pictures/壁纸A/firewatch-forest-landscape-in-game-minimalistic-games-7558-2.jpg, time: 1579362360.868383'
INFO: 2020-01-18 15:46:00,870: compute_trimmed_offsets() 'Trimmed offsets debug info: w:1920, h:1080, ratio:1.777778, iw:1920, ih:1080, scw:1920, sch:1080, ho:0, vo:0'
INFO: 2020-01-18 15:46:00,871: build_imagemagick_clock_cmd() 'Applying clock filter: -density 100 -font `fc-match -f '%{file[0]}' 'Sans:Bold:70'` -pointsize 70 -gravity SouthEast -fill '#00000044' -annotate 0x0+58+108 '15:46' -fill white -annotate 0x0+60+110 '15:46' -font `fc-match -f '%{file[0]}' 'Sans:32'` -pointsize 32 -fill '#00000044' -annotate 0x0+58+58 '星期六, 一月 18' -fill white -annotate 0x0+60+60 '星期六, 一月 18''
INFO: 2020-01-18 15:46:00,871: build_imagemagick_clock_cmd() 'ImageMagick clock cmd: convert '/home/harold/Pictures/壁纸A/firewatch-forest-landscape-in-game-minimalistic-games-7558-2.jpg' -scale 1920x1080^ -density 100 -font `fc-match -f '%{file[0]}' 'Sans:Bold:70'` -pointsize 70 -gravity SouthEast -fill '#00000044' -annotate 0x0+58+108 '15:46' -fill white -annotate 0x0+60+110 '15:46' -font `fc-match -f '%{file[0]}' 'Sans:32'` -pointsize 32 -fill '#00000044' -annotate 0x0+58+58 '星期六, 一月 18' -fill white -annotate 0x0+60+60 '星期六, 一月 18' /home/harold/.config/variety/wallpaper/wallpaper-clock-96603e466e626c6361df23ab28c323a4.jpg'
INFO: 2020-01-18 15:46:01,104: update_indicator() 'Setting file info to: /home/harold/Pictures/壁纸A/firewatch-forest-landscape-in-game-minimalistic-games-7558-2.jpg'
INFO: 2020-01-18 15:46:01,105: list_files() 'More than 1 files in the folders, stop listing'
INFO: 2020-01-18 15:46:20,559: regular_change_thread() 'regular_change changes wallpaper'
INFO: 2020-01-18 15:46:20,560: set_wallpaper() 'Calling set_wallpaper with /home/harold/Pictures/壁纸A/bilibili(1).jpg'
INFO: 2020-01-18 15:46:20,560: prepare_thread() 'Prepared buffer contains 52 images'
INFO: 2020-01-18 15:46:20,563: do_set_wp() 'Calling do_set_wp with /home/harold/Pictures/壁纸A/bilibili(1).jpg, time: 1579362380.5629537'
INFO: 2020-01-18 15:46:20,567: compute_trimmed_offsets() 'Trimmed offsets debug info: w:1920, h:1080, ratio:1.777778, iw:1920, ih:1080, scw:1920, sch:1080, ho:0, vo:0'
INFO: 2020-01-18 15:46:20,568: build_imagemagick_clock_cmd() 'Applying clock filter: -density 100 -font `fc-match -f '%{file[0]}' 'Sans:Bold:70'` -pointsize 70 -gravity SouthEast -fill '#00000044' -annotate 0x0+58+108 '15:46' -fill white -annotate 0x0+60+110 '15:46' -font `fc-match -f '%{file[0]}' 'Sans:32'` -pointsize 32 -fill '#00000044' -annotate 0x0+58+58 '星期六, 一月 18' -fill white -annotate 0x0+60+60 '星期六, 一月 18''
INFO: 2020-01-18 15:46:20,569: build_imagemagick_clock_cmd() 'ImageMagick clock cmd: convert '/home/harold/Pictures/壁纸A/bilibili(1).jpg' -scale 1920x1080^ -density 100 -font `fc-match -f '%{file[0]}' 'Sans:Bold:70'` -pointsize 70 -gravity SouthEast -fill '#00000044' -annotate 0x0+58+108 '15:46' -fill white -annotate 0x0+60+110 '15:46' -font `fc-match -f '%{file[0]}' 'Sans:32'` -pointsize 32 -fill '#00000044' -annotate 0x0+58+58 '星期六, 一月 18' -fill white -annotate 0x0+60+60 '星期六, 一月 18' /home/harold/.config/variety/wallpaper/wallpaper-clock-e2938953e03983ca846820343e83688d.jpg'
INFO: 2020-01-18 15:46:20,970: update_indicator() 'Setting file info to: /home/harold/Pictures/壁纸A/bilibili(1).jpg'
INFO: 2020-01-18 15:46:20,975: list_files() 'More than 1 files in the folders, stop listing'
INFO: 2020-01-18 15:46:22,563: trigger_download() 'Triggering download thread to check if download needed'
INFO: 2020-01-18 15:47:00,935: clock_thread_method() 'clock_thread updates wallpaper'
INFO: 2020-01-18 15:47:00,936: do_set_wp() 'Calling do_set_wp with /home/harold/Pictures/壁纸A/bilibili(1).jpg, time: 1579362420.9360712'
INFO: 2020-01-18 15:47:00,938: compute_trimmed_offsets() 'Trimmed offsets debug info: w:1920, h:1080, ratio:1.777778, iw:1920, ih:1080, scw:1920, sch:1080, ho:0, vo:0'
INFO: 2020-01-18 15:47:00,939: build_imagemagick_clock_cmd() 'Applying clock filter: -density 100 -font `fc-match -f '%{file[0]}' 'Sans:Bold:70'` -pointsize 70 -gravity SouthEast -fill '#00000044' -annotate 0x0+58+108 '15:47' -fill white -annotate 0x0+60+110 '15:47' -font `fc-match -f '%{file[0]}' 'Sans:32'` -pointsize 32 -fill '#00000044' -annotate 0x0+58+58 '星期六, 一月 18' -fill white -annotate 0x0+60+60 '星期六, 一月 18''
INFO: 2020-01-18 15:47:00,939: build_imagemagick_clock_cmd() 'ImageMagick clock cmd: convert '/home/harold/Pictures/壁纸A/bilibili(1).jpg' -scale 1920x1080^ -density 100 -font `fc-match -f '%{file[0]}' 'Sans:Bold:70'` -pointsize 70 -gravity SouthEast -fill '#00000044' -annotate 0x0+58+108 '15:47' -fill white -annotate 0x0+60+110 '15:47' -font `fc-match -f '%{file[0]}' 'Sans:32'` -pointsize 32 -fill '#00000044' -annotate 0x0+58+58 '星期六, 一月 18' -fill white -annotate 0x0+60+60 '星期六, 一月 18' /home/harold/.config/variety/wallpaper/wallpaper-clock-fe43774b5a2b394cf495bd49584d0fb6.jpg'
INFO: 2020-01-18 15:47:01,220: update_indicator() 'Setting file info to: /home/harold/Pictures/壁纸A/bilibili(1).jpg'
INFO: 2020-01-18 15:47:01,222: list_files() 'More than 1 files in the folders, stop listing'
INFO: 2020-01-18 15:48:01,003: clock_thread_method() 'clock_thread updates wallpaper'
INFO: 2020-01-18 15:48:01,004: do_set_wp() 'Calling do_set_wp with /home/harold/Pictures/壁纸A/bilibili(1).jpg, time: 1579362481.004945'
INFO: 2020-01-18 15:48:01,007: compute_trimmed_offsets() 'Trimmed offsets debug info: w:1920, h:1080, ratio:1.777778, iw:1920, ih:1080, scw:1920, sch:1080, ho:0, vo:0'
INFO: 2020-01-18 15:48:01,008: build_imagemagick_clock_cmd() 'Applying clock filter: -density 100 -font `fc-match -f '%{file[0]}' 'Sans:Bold:70'` -pointsize 70 -gravity SouthEast -fill '#00000044' -annotate 0x0+58+108 '15:48' -fill white -annotate 0x0+60+110 '15:48' -font `fc-match -f '%{file[0]}' 'Sans:32'` -pointsize 32 -fill '#00000044' -annotate 0x0+58+58 '星期六, 一月 18' -fill white -annotate 0x0+60+60 '星期六, 一月 18''
INFO: 2020-01-18 15:48:01,008: build_imagemagick_clock_cmd() 'ImageMagick clock cmd: convert '/home/harold/Pictures/壁纸A/bilibili(1).jpg' -scale 1920x1080^ -density 100 -font `fc-match -f '%{file[0]}' 'Sans:Bold:70'` -pointsize 70 -gravity SouthEast -fill '#00000044' -annotate 0x0+58+108 '15:48' -fill white -annotate 0x0+60+110 '15:48' -font `fc-match -f '%{file[0]}' 'Sans:32'` -pointsize 32 -fill '#00000044' -annotate 0x0+58+58 '星期六, 一月 18' -fill white -annotate 0x0+60+60 '星期六, 一月 18' /home/harold/.config/variety/wallpaper/wallpaper-clock-7cd5804138c1f1802a8cd5f0b97b3b36.jpg'
INFO: 2020-01-18 15:48:01,292: update_indicator() 'Setting file info to: /home/harold/Pictures/壁纸A/bilibili(1).jpg'
INFO: 2020-01-18 15:48:01,294: list_files() 'More than 1 files in the folders, stop listing'
INFO: 2020-01-18 15:49:00,072: clock_thread_method() 'clock_thread updates wallpaper'
INFO: 2020-01-18 15:49:00,074: do_set_wp() 'Calling do_set_wp with /home/harold/Pictures/壁纸A/bilibili(1).jpg, time: 1579362540.074889'
INFO: 2020-01-18 15:49:00,076: compute_trimmed_offsets() 'Trimmed offsets debug info: w:1920, h:1080, ratio:1.777778, iw:1920, ih:1080, scw:1920, sch:1080, ho:0, vo:0'
INFO: 2020-01-18 15:49:00,077: build_imagemagick_clock_cmd() 'Applying clock filter: -density 100 -font `fc-match -f '%{file[0]}' 'Sans:Bold:70'` -pointsize 70 -gravity SouthEast -fill '#00000044' -annotate 0x0+58+108 '15:49' -fill white -annotate 0x0+60+110 '15:49' -font `fc-match -f '%{file[0]}' 'Sans:32'` -pointsize 32 -fill '#00000044' -annotate 0x0+58+58 '星期六, 一月 18' -fill white -annotate 0x0+60+60 '星期六, 一月 18''
INFO: 2020-01-18 15:49:00,077: build_imagemagick_clock_cmd() 'ImageMagick clock cmd: convert '/home/harold/Pictures/壁纸A/bilibili(1).jpg' -scale 1920x1080^ -density 100 -font `fc-match -f '%{file[0]}' 'Sans:Bold:70'` -pointsize 70 -gravity SouthEast -fill '#00000044' -annotate 0x0+58+108 '15:49' -fill white -annotate 0x0+60+110 '15:49' -font `fc-match -f '%{file[0]}' 'Sans:32'` -pointsize 32 -fill '#00000044' -annotate 0x0+58+58 '星期六, 一月 18' -fill white -annotate 0x0+60+60 '星期六, 一月 18' /home/harold/.config/variety/wallpaper/wallpaper-clock-813a719efc180fe52875b4e21a053043.jpg'
INFO: 2020-01-18 15:49:00,656: update_indicator() 'Setting file info to: /home/harold/Pictures/壁纸A/bilibili(1).jpg'
INFO: 2020-01-18 15:49:00,661: list_files() 'More than 1 files in the folders, stop listing'
INFO: 2020-01-18 15:50:00,139: clock_thread_method() 'clock_thread updates wallpaper'
INFO: 2020-01-18 15:50:00,140: do_set_wp() 'Calling do_set_wp with /home/harold/Pictures/壁纸A/bilibili(1).jpg, time: 1579362600.1408753'
INFO: 2020-01-18 15:50:00,143: compute_trimmed_offsets() 'Trimmed offsets debug info: w:1920, h:1080, ratio:1.777778, iw:1920, ih:1080, scw:1920, sch:1080, ho:0, vo:0'
INFO: 2020-01-18 15:50:00,143: build_imagemagick_clock_cmd() 'Applying clock filter: -density 100 -font `fc-match -f '%{file[0]}' 'Sans:Bold:70'` -pointsize 70 -gravity SouthEast -fill '#00000044' -annotate 0x0+58+108 '15:50' -fill white -annotate 0x0+60+110 '15:50' -font `fc-match -f '%{file[0]}' 'Sans:32'` -pointsize 32 -fill '#00000044' -annotate 0x0+58+58 '星期六, 一月 18' -fill white -annotate 0x0+60+60 '星期六, 一月 18''
INFO: 2020-01-18 15:50:00,144: build_imagemagick_clock_cmd() 'ImageMagick clock cmd: convert '/home/harold/Pictures/壁纸A/bilibili(1).jpg' -scale 1920x1080^ -density 100 -font `fc-match -f '%{file[0]}' 'Sans:Bold:70'` -pointsize 70 -gravity SouthEast -fill '#00000044' -annotate 0x0+58+108 '15:50' -fill white -annotate 0x0+60+110 '15:50' -font `fc-match -f '%{file[0]}' 'Sans:32'` -pointsize 32 -fill '#00000044' -annotate 0x0+58+58 '星期六, 一月 18' -fill white -annotate 0x0+60+60 '星期六, 一月 18' /home/harold/.config/variety/wallpaper/wallpaper-clock-4c7b6bb6544583d8b406ef85d4b8bd0e.jpg'
INFO: 2020-01-18 15:50:00,406: update_indicator() 'Setting file info to: /home/harold/Pictures/壁纸A/bilibili(1).jpg'
INFO: 2020-01-18 15:50:00,408: list_files() 'More than 1 files in the folders, stop listing'
INFO: 2020-01-18 15:51:00,208: clock_thread_method() 'clock_thread updates wallpaper'
INFO: 2020-01-18 15:51:00,210: do_set_wp() 'Calling do_set_wp with /home/harold/Pictures/壁纸A/bilibili(1).jpg, time: 1579362660.209991'
INFO: 2020-01-18 15:51:00,212: compute_trimmed_offsets() 'Trimmed offsets debug info: w:1920, h:1080, ratio:1.777778, iw:1920, ih:1080, scw:1920, sch:1080, ho:0, vo:0'
INFO: 2020-01-18 15:51:00,212: build_imagemagick_clock_cmd() 'Applying clock filter: -density 100 -font `fc-match -f '%{file[0]}' 'Sans:Bold:70'` -pointsize 70 -gravity SouthEast -fill '#00000044' -annotate 0x0+58+108 '15:51' -fill white -annotate 0x0+60+110 '15:51' -font `fc-match -f '%{file[0]}' 'Sans:32'` -pointsize 32 -fill '#00000044' -annotate 0x0+58+58 '星期六, 一月 18' -fill white -annotate 0x0+60+60 '星期六, 一月 18''
INFO: 2020-01-18 15:51:00,213: build_imagemagick_clock_cmd() 'ImageMagick clock cmd: convert '/home/harold/Pictures/壁纸A/bilibili(1).jpg' -scale 1920x1080^ -density 100 -font `fc-match -f '%{file[0]}' 'Sans:Bold:70'` -pointsize 70 -gravity SouthEast -fill '#00000044' -annotate 0x0+58+108 '15:51' -fill white -annotate 0x0+60+110 '15:51' -font `fc-match -f '%{file[0]}' 'Sans:32'` -pointsize 32 -fill '#00000044' -annotate 0x0+58+58 '星期六, 一月 18' -fill white -annotate 0x0+60+60 '星期六, 一月 18' /home/harold/.config/variety/wallpaper/wallpaper-clock-5c4eab036dc9da7e4beb7ef24a9357e3.jpg'
INFO: 2020-01-18 15:51:00,501: update_indicator() 'Setting file info to: /home/harold/Pictures/壁纸A/bilibili(1).jpg'
INFO: 2020-01-18 15:51:00,502: list_files() 'More than 1 files in the folders, stop listing'
INFO: 2020-01-18 15:51:21,024: regular_change_thread() 'regular_change changes wallpaper'
INFO: 2020-01-18 15:51:21,025: set_wallpaper() 'Calling set_wallpaper with /home/harold/Pictures/壁纸A/xbox-wireless-controller-digital-art-31887.jpeg'
INFO: 2020-01-18 15:51:21,025: prepare_thread() 'Prepared buffer contains 51 images'
INFO: 2020-01-18 15:51:21,025: do_set_wp() 'Calling do_set_wp with /home/harold/Pictures/壁纸A/xbox-wireless-controller-digital-art-31887.jpeg, time: 1579362681.02578'
INFO: 2020-01-18 15:51:21,027: compute_trimmed_offsets() 'Trimmed offsets debug info: w:1920, h:1080, ratio:1.777778, iw:2560, ih:1440, scw:1920, sch:1080, ho:0, vo:0'
INFO: 2020-01-18 15:51:21,027: build_imagemagick_clock_cmd() 'Applying clock filter: -density 100 -font `fc-match -f '%{file[0]}' 'Sans:Bold:70'` -pointsize 70 -gravity SouthEast -fill '#00000044' -annotate 0x0+58+108 '15:51' -fill white -annotate 0x0+60+110 '15:51' -font `fc-match -f '%{file[0]}' 'Sans:32'` -pointsize 32 -fill '#00000044' -annotate 0x0+58+58 '星期六, 一月 18' -fill white -annotate 0x0+60+60 '星期六, 一月 18''
INFO: 2020-01-18 15:51:21,027: build_imagemagick_clock_cmd() 'ImageMagick clock cmd: convert '/home/harold/Pictures/壁纸A/xbox-wireless-controller-digital-art-31887.jpeg' -scale 1920x1080^ -density 100 -font `fc-match -f '%{file[0]}' 'Sans:Bold:70'` -pointsize 70 -gravity SouthEast -fill '#00000044' -annotate 0x0+58+108 '15:51' -fill white -annotate 0x0+60+110 '15:51' -font `fc-match -f '%{file[0]}' 'Sans:32'` -pointsize 32 -fill '#00000044' -annotate 0x0+58+58 '星期六, 一月 18' -fill white -annotate 0x0+60+60 '星期六, 一月 18' /home/harold/.config/variety/wallpaper/wallpaper-clock-2e244e73c0a707e143d4af712b08cbb7.jpg'
INFO: 2020-01-18 15:51:21,609: update_indicator() 'Setting file info to: /home/harold/Pictures/壁纸A/xbox-wireless-controller-digital-art-31887.jpeg'
INFO: 2020-01-18 15:51:21,610: list_files() 'More than 1 files in the folders, stop listing'
INFO: 2020-01-18 15:51:23,026: trigger_download() 'Triggering download thread to check if download needed'
INFO: 2020-01-18 15:52:00,276: clock_thread_method() 'clock_thread updates wallpaper'
INFO: 2020-01-18 15:52:00,278: do_set_wp() 'Calling do_set_wp with /home/harold/Pictures/壁纸A/xbox-wireless-controller-digital-art-31887.jpeg, time: 1579362720.278648'
INFO: 2020-01-18 15:52:00,281: compute_trimmed_offsets() 'Trimmed offsets debug info: w:1920, h:1080, ratio:1.777778, iw:2560, ih:1440, scw:1920, sch:1080, ho:0, vo:0'
INFO: 2020-01-18 15:52:00,281: build_imagemagick_clock_cmd() 'Applying clock filter: -density 100 -font `fc-match -f '%{file[0]}' 'Sans:Bold:70'` -pointsize 70 -gravity SouthEast -fill '#00000044' -annotate 0x0+58+108 '15:52' -fill white -annotate 0x0+60+110 '15:52' -font `fc-match -f '%{file[0]}' 'Sans:32'` -pointsize 32 -fill '#00000044' -annotate 0x0+58+58 '星期六, 一月 18' -fill white -annotate 0x0+60+60 '星期六, 一月 18''
INFO: 2020-01-18 15:52:00,281: build_imagemagick_clock_cmd() 'ImageMagick clock cmd: convert '/home/harold/Pictures/壁纸A/xbox-wireless-controller-digital-art-31887.jpeg' -scale 1920x1080^ -density 100 -font `fc-match -f '%{file[0]}' 'Sans:Bold:70'` -pointsize 70 -gravity SouthEast -fill '#00000044' -annotate 0x0+58+108 '15:52' -fill white -annotate 0x0+60+110 '15:52' -font `fc-match -f '%{file[0]}' 'Sans:32'` -pointsize 32 -fill '#00000044' -annotate 0x0+58+58 '星期六, 一月 18' -fill white -annotate 0x0+60+60 '星期六, 一月 18' /home/harold/.config/variety/wallpaper/wallpaper-clock-6ad33d822dce47def01fef39c714ceb1.jpg'
INFO: 2020-01-18 15:52:00,731: update_indicator() 'Setting file info to: /home/harold/Pictures/壁纸A/xbox-wireless-controller-digital-art-31887.jpeg'
INFO: 2020-01-18 15:52:00,732: list_files() 'More than 1 files in the folders, stop listing'
INFO: 2020-01-18 15:53:00,346: clock_thread_method() 'clock_thread updates wallpaper'
INFO: 2020-01-18 15:53:00,346: do_set_wp() 'Calling do_set_wp with /home/harold/Pictures/壁纸A/xbox-wireless-controller-digital-art-31887.jpeg, time: 1579362780.3466935'
INFO: 2020-01-18 15:53:00,347: compute_trimmed_offsets() 'Trimmed offsets debug info: w:1920, h:1080, ratio:1.777778, iw:2560, ih:1440, scw:1920, sch:1080, ho:0, vo:0'
INFO: 2020-01-18 15:53:00,347: build_imagemagick_clock_cmd() 'Applying clock filter: -density 100 -font `fc-match -f '%{file[0]}' 'Sans:Bold:70'` -pointsize 70 -gravity SouthEast -fill '#00000044' -annotate 0x0+58+108 '15:53' -fill white -annotate 0x0+60+110 '15:53' -font `fc-match -f '%{file[0]}' 'Sans:32'` -pointsize 32 -fill '#00000044' -annotate 0x0+58+58 '星期六, 一月 18' -fill white -annotate 0x0+60+60 '星期六, 一月 18''
INFO: 2020-01-18 15:53:00,347: build_imagemagick_clock_cmd() 'ImageMagick clock cmd: convert '/home/harold/Pictures/壁纸A/xbox-wireless-controller-digital-art-31887.jpeg' -scale 1920x1080^ -density 100 -font `fc-match -f '%{file[0]}' 'Sans:Bold:70'` -pointsize 70 -gravity SouthEast -fill '#00000044' -annotate 0x0+58+108 '15:53' -fill white -annotate 0x0+60+110 '15:53' -font `fc-match -f '%{file[0]}' 'Sans:32'` -pointsize 32 -fill '#00000044' -annotate 0x0+58+58 '星期六, 一月 18' -fill white -annotate 0x0+60+60 '星期六, 一月 18' /home/harold/.config/variety/wallpaper/wallpaper-clock-6ac5e29f7822a2c8815ccffd589e6b42.jpg'
INFO: 2020-01-18 15:53:00,764: update_indicator() 'Setting file info to: /home/harold/Pictures/壁纸A/xbox-wireless-controller-digital-art-31887.jpeg'
INFO: 2020-01-18 15:53:00,765: list_files() 'More than 1 files in the folders, stop listing'
INFO: 2020-01-18 15:54:00,413: clock_thread_method() 'clock_thread updates wallpaper'
INFO: 2020-01-18 15:54:00,414: do_set_wp() 'Calling do_set_wp with /home/harold/Pictures/壁纸A/xbox-wireless-controller-digital-art-31887.jpeg, time: 1579362840.4143088'
INFO: 2020-01-18 15:54:00,416: compute_trimmed_offsets() 'Trimmed offsets debug info: w:1920, h:1080, ratio:1.777778, iw:2560, ih:1440, scw:1920, sch:1080, ho:0, vo:0'
INFO: 2020-01-18 15:54:00,416: build_imagemagick_clock_cmd() 'Applying clock filter: -density 100 -font `fc-match -f '%{file[0]}' 'Sans:Bold:70'` -pointsize 70 -gravity SouthEast -fill '#00000044' -annotate 0x0+58+108 '15:54' -fill white -annotate 0x0+60+110 '15:54' -font `fc-match -f '%{file[0]}' 'Sans:32'` -pointsize 32 -fill '#00000044' -annotate 0x0+58+58 '星期六, 一月 18' -fill white -annotate 0x0+60+60 '星期六, 一月 18''
INFO: 2020-01-18 15:54:00,417: build_imagemagick_clock_cmd() 'ImageMagick clock cmd: convert '/home/harold/Pictures/壁纸A/xbox-wireless-controller-digital-art-31887.jpeg' -scale 1920x1080^ -density 100 -font `fc-match -f '%{file[0]}' 'Sans:Bold:70'` -pointsize 70 -gravity SouthEast -fill '#00000044' -annotate 0x0+58+108 '15:54' -fill white -annotate 0x0+60+110 '15:54' -font `fc-match -f '%{file[0]}' 'Sans:32'` -pointsize 32 -fill '#00000044' -annotate 0x0+58+58 '星期六, 一月 18' -fill white -annotate 0x0+60+60 '星期六, 一月 18' /home/harold/.config/variety/wallpaper/wallpaper-clock-6d86c78c4127bb2301b8e4d65294ef29.jpg'
INFO: 2020-01-18 15:54:00,976: update_indicator() 'Setting file info to: /home/harold/Pictures/壁纸A/xbox-wireless-controller-digital-art-31887.jpeg'
INFO: 2020-01-18 15:54:00,977: list_files() 'More than 1 files in the folders, stop listing'
INFO: 2020-01-18 15:55:00,482: clock_thread_method() 'clock_thread updates wallpaper'
INFO: 2020-01-18 15:55:00,485: do_set_wp() 'Calling do_set_wp with /home/harold/Pictures/壁纸A/xbox-wireless-controller-digital-art-31887.jpeg, time: 1579362900.485024'
INFO: 2020-01-18 15:55:00,487: compute_trimmed_offsets() 'Trimmed offsets debug info: w:1920, h:1080, ratio:1.777778, iw:2560, ih:1440, scw:1920, sch:1080, ho:0, vo:0'
INFO: 2020-01-18 15:55:00,489: build_imagemagick_clock_cmd() 'Applying clock filter: -density 100 -font `fc-match -f '%{file[0]}' 'Sans:Bold:70'` -pointsize 70 -gravity SouthEast -fill '#00000044' -annotate 0x0+58+108 '15:55' -fill white -annotate 0x0+60+110 '15:55' -font `fc-match -f '%{file[0]}' 'Sans:32'` -pointsize 32 -fill '#00000044' -annotate 0x0+58+58 '星期六, 一月 18' -fill white -annotate 0x0+60+60 '星期六, 一月 18''
INFO: 2020-01-18 15:55:00,489: build_imagemagick_clock_cmd() 'ImageMagick clock cmd: convert '/home/harold/Pictures/壁纸A/xbox-wireless-controller-digital-art-31887.jpeg' -scale 1920x1080^ -density 100 -font `fc-match -f '%{file[0]}' 'Sans:Bold:70'` -pointsize 70 -gravity SouthEast -fill '#00000044' -annotate 0x0+58+108 '15:55' -fill white -annotate 0x0+60+110 '15:55' -font `fc-match -f '%{file[0]}' 'Sans:32'` -pointsize 32 -fill '#00000044' -annotate 0x0+58+58 '星期六, 一月 18' -fill white -annotate 0x0+60+60 '星期六, 一月 18' /home/harold/.config/variety/wallpaper/wallpaper-clock-be0065ba1854e93f0c68a3d6557cba8f.jpg'
INFO: 2020-01-18 15:55:00,841: update_indicator() 'Setting file info to: /home/harold/Pictures/壁纸A/xbox-wireless-controller-digital-art-31887.jpeg'
INFO: 2020-01-18 15:55:00,842: list_files() 'More than 1 files in the folders, stop listing'
INFO: 2020-01-18 15:56:00,550: clock_thread_method() 'clock_thread updates wallpaper'
INFO: 2020-01-18 15:56:00,552: do_set_wp() 'Calling do_set_wp with /home/harold/Pictures/壁纸A/xbox-wireless-controller-digital-art-31887.jpeg, time: 1579362960.5520656'
INFO: 2020-01-18 15:56:00,554: compute_trimmed_offsets() 'Trimmed offsets debug info: w:1920, h:1080, ratio:1.777778, iw:2560, ih:1440, scw:1920, sch:1080, ho:0, vo:0'
INFO: 2020-01-18 15:56:00,555: build_imagemagick_clock_cmd() 'Applying clock filter: -density 100 -font `fc-match -f '%{file[0]}' 'Sans:Bold:70'` -pointsize 70 -gravity SouthEast -fill '#00000044' -annotate 0x0+58+108 '15:56' -fill white -annotate 0x0+60+110 '15:56' -font `fc-match -f '%{file[0]}' 'Sans:32'` -pointsize 32 -fill '#00000044' -annotate 0x0+58+58 '星期六, 一月 18' -fill white -annotate 0x0+60+60 '星期六, 一月 18''
INFO: 2020-01-18 15:56:00,556: build_imagemagick_clock_cmd() 'ImageMagick clock cmd: convert '/home/harold/Pictures/壁纸A/xbox-wireless-controller-digital-art-31887.jpeg' -scale 1920x1080^ -density 100 -font `fc-match -f '%{file[0]}' 'Sans:Bold:70'` -pointsize 70 -gravity SouthEast -fill '#00000044' -annotate 0x0+58+108 '15:56' -fill white -annotate 0x0+60+110 '15:56' -font `fc-match -f '%{file[0]}' 'Sans:32'` -pointsize 32 -fill '#00000044' -annotate 0x0+58+58 '星期六, 一月 18' -fill white -annotate 0x0+60+60 '星期六, 一月 18' /home/harold/.config/variety/wallpaper/wallpaper-clock-493d2ff552cf2a6daea074ff2dc240a9.jpg'
INFO: 2020-01-18 15:56:00,946: update_indicator() 'Setting file info to: /home/harold/Pictures/壁纸A/xbox-wireless-controller-digital-art-31887.jpeg'
INFO: 2020-01-18 15:56:00,948: list_files() 'More than 1 files in the folders, stop listing'
INFO: 2020-01-18 15:56:21,650: regular_change_thread() 'regular_change changes wallpaper'
INFO: 2020-01-18 15:56:21,651: set_wallpaper() 'Calling set_wallpaper with /home/harold/Pictures/壁纸A/A2.jpg'
INFO: 2020-01-18 15:56:21,651: prepare_thread() 'Prepared buffer contains 50 images'
INFO: 2020-01-18 15:56:21,651: do_set_wp() 'Calling do_set_wp with /home/harold/Pictures/壁纸A/A2.jpg, time: 1579362981.6519437'
INFO: 2020-01-18 15:56:21,654: compute_trimmed_offsets() 'Trimmed offsets debug info: w:1920, h:1080, ratio:1.777778, iw:1920, ih:1080, scw:1920, sch:1080, ho:0, vo:0'
INFO: 2020-01-18 15:56:21,655: build_imagemagick_clock_cmd() 'Applying clock filter: -density 100 -font `fc-match -f '%{file[0]}' 'Sans:Bold:70'` -pointsize 70 -gravity SouthEast -fill '#00000044' -annotate 0x0+58+108 '15:56' -fill white -annotate 0x0+60+110 '15:56' -font `fc-match -f '%{file[0]}' 'Sans:32'` -pointsize 32 -fill '#00000044' -annotate 0x0+58+58 '星期六, 一月 18' -fill white -annotate 0x0+60+60 '星期六, 一月 18''
INFO: 2020-01-18 15:56:21,655: build_imagemagick_clock_cmd() 'ImageMagick clock cmd: convert '/home/harold/Pictures/壁纸A/A2.jpg' -scale 1920x1080^ -density 100 -font `fc-match -f '%{file[0]}' 'Sans:Bold:70'` -pointsize 70 -gravity SouthEast -fill '#00000044' -annotate 0x0+58+108 '15:56' -fill white -annotate 0x0+60+110 '15:56' -font `fc-match -f '%{file[0]}' 'Sans:32'` -pointsize 32 -fill '#00000044' -annotate 0x0+58+58 '星期六, 一月 18' -fill white -annotate 0x0+60+60 '星期六, 一月 18' /home/harold/.config/variety/wallpaper/wallpaper-clock-4b5bcce4cbd97b76a8eaf2e8b0532809.jpg'
INFO: 2020-01-18 15:56:21,879: update_indicator() 'Setting file info to: /home/harold/Pictures/壁纸A/A2.jpg'
INFO: 2020-01-18 15:56:21,880: list_files() 'More than 1 files in the folders, stop listing'
INFO: 2020-01-18 15:56:23,652: trigger_download() 'Triggering download thread to check if download needed'
INFO: 2020-01-18 15:57:00,617: clock_thread_method() 'clock_thread updates wallpaper'
INFO: 2020-01-18 15:57:00,618: do_set_wp() 'Calling do_set_wp with /home/harold/Pictures/壁纸A/A2.jpg, time: 1579363020.6180885'
INFO: 2020-01-18 15:57:00,619: compute_trimmed_offsets() 'Trimmed offsets debug info: w:1920, h:1080, ratio:1.777778, iw:1920, ih:1080, scw:1920, sch:1080, ho:0, vo:0'
INFO: 2020-01-18 15:57:00,620: build_imagemagick_clock_cmd() 'Applying clock filter: -density 100 -font `fc-match -f '%{file[0]}' 'Sans:Bold:70'` -pointsize 70 -gravity SouthEast -fill '#00000044' -annotate 0x0+58+108 '15:57' -fill white -annotate 0x0+60+110 '15:57' -font `fc-match -f '%{file[0]}' 'Sans:32'` -pointsize 32 -fill '#00000044' -annotate 0x0+58+58 '星期六, 一月 18' -fill white -annotate 0x0+60+60 '星期六, 一月 18''
INFO: 2020-01-18 15:57:00,620: build_imagemagick_clock_cmd() 'ImageMagick clock cmd: convert '/home/harold/Pictures/壁纸A/A2.jpg' -scale 1920x1080^ -density 100 -font `fc-match -f '%{file[0]}' 'Sans:Bold:70'` -pointsize 70 -gravity SouthEast -fill '#00000044' -annotate 0x0+58+108 '15:57' -fill white -annotate 0x0+60+110 '15:57' -font `fc-match -f '%{file[0]}' 'Sans:32'` -pointsize 32 -fill '#00000044' -annotate 0x0+58+58 '星期六, 一月 18' -fill white -annotate 0x0+60+60 '星期六, 一月 18' /home/harold/.config/variety/wallpaper/wallpaper-clock-455a6f01f31f259086a3d3be779c0113.jpg'
INFO: 2020-01-18 15:57:00,951: update_indicator() 'Setting file info to: /home/harold/Pictures/壁纸A/A2.jpg'
INFO: 2020-01-18 15:57:00,953: list_files() 'More than 1 files in the folders, stop listing'
INFO: 2020-01-18 15:58:00,685: clock_thread_method() 'clock_thread updates wallpaper'
INFO: 2020-01-18 15:58:00,685: do_set_wp() 'Calling do_set_wp with /home/harold/Pictures/壁纸A/A2.jpg, time: 1579363080.6859045'
INFO: 2020-01-18 15:58:00,686: compute_trimmed_offsets() 'Trimmed offsets debug info: w:1920, h:1080, ratio:1.777778, iw:1920, ih:1080, scw:1920, sch:1080, ho:0, vo:0'
INFO: 2020-01-18 15:58:00,687: build_imagemagick_clock_cmd() 'Applying clock filter: -density 100 -font `fc-match -f '%{file[0]}' 'Sans:Bold:70'` -pointsize 70 -gravity SouthEast -fill '#00000044' -annotate 0x0+58+108 '15:58' -fill white -annotate 0x0+60+110 '15:58' -font `fc-match -f '%{file[0]}' 'Sans:32'` -pointsize 32 -fill '#00000044' -annotate 0x0+58+58 '星期六, 一月 18' -fill white -annotate 0x0+60+60 '星期六, 一月 18''
INFO: 2020-01-18 15:58:00,687: build_imagemagick_clock_cmd() 'ImageMagick clock cmd: convert '/home/harold/Pictures/壁纸A/A2.jpg' -scale 1920x1080^ -density 100 -font `fc-match -f '%{file[0]}' 'Sans:Bold:70'` -pointsize 70 -gravity SouthEast -fill '#00000044' -annotate 0x0+58+108 '15:58' -fill white -annotate 0x0+60+110 '15:58' -font `fc-match -f '%{file[0]}' 'Sans:32'` -pointsize 32 -fill '#00000044' -annotate 0x0+58+58 '星期六, 一月 18' -fill white -annotate 0x0+60+60 '星期六, 一月 18' /home/harold/.config/variety/wallpaper/wallpaper-clock-0f20e092a0deae087055af9a15c75c29.jpg'
INFO: 2020-01-18 15:58:01,087: update_indicator() 'Setting file info to: /home/harold/Pictures/壁纸A/A2.jpg'
INFO: 2020-01-18 15:58:01,089: list_files() 'More than 1 files in the folders, stop listing'
INFO: 2020-01-18 15:59:00,752: clock_thread_method() 'clock_thread updates wallpaper'
INFO: 2020-01-18 15:59:00,753: do_set_wp() 'Calling do_set_wp with /home/harold/Pictures/壁纸A/A2.jpg, time: 1579363140.7532067'
INFO: 2020-01-18 15:59:00,755: compute_trimmed_offsets() 'Trimmed offsets debug info: w:1920, h:1080, ratio:1.777778, iw:1920, ih:1080, scw:1920, sch:1080, ho:0, vo:0'
INFO: 2020-01-18 15:59:00,755: build_imagemagick_clock_cmd() 'Applying clock filter: -density 100 -font `fc-match -f '%{file[0]}' 'Sans:Bold:70'` -pointsize 70 -gravity SouthEast -fill '#00000044' -annotate 0x0+58+108 '15:59' -fill white -annotate 0x0+60+110 '15:59' -font `fc-match -f '%{file[0]}' 'Sans:32'` -pointsize 32 -fill '#00000044' -annotate 0x0+58+58 '星期六, 一月 18' -fill white -annotate 0x0+60+60 '星期六, 一月 18''
INFO: 2020-01-18 15:59:00,756: build_imagemagick_clock_cmd() 'ImageMagick clock cmd: convert '/home/harold/Pictures/壁纸A/A2.jpg' -scale 1920x1080^ -density 100 -font `fc-match -f '%{file[0]}' 'Sans:Bold:70'` -pointsize 70 -gravity SouthEast -fill '#00000044' -annotate 0x0+58+108 '15:59' -fill white -annotate 0x0+60+110 '15:59' -font `fc-match -f '%{file[0]}' 'Sans:32'` -pointsize 32 -fill '#00000044' -annotate 0x0+58+58 '星期六, 一月 18' -fill white -annotate 0x0+60+60 '星期六, 一月 18' /home/harold/.config/variety/wallpaper/wallpaper-clock-896b0696e5cca0f15df7dd61cd0d73bf.jpg'
INFO: 2020-01-18 15:59:00,974: update_indicator() 'Setting file info to: /home/harold/Pictures/壁纸A/A2.jpg'
INFO: 2020-01-18 15:59:00,975: list_files() 'More than 1 files in the folders, stop listing'
INFO: 2020-01-18 16:00:00,819: clock_thread_method() 'clock_thread updates wallpaper'
INFO: 2020-01-18 16:00:00,820: do_set_wp() 'Calling do_set_wp with /home/harold/Pictures/壁纸A/A2.jpg, time: 1579363200.8209114'
INFO: 2020-01-18 16:00:00,823: compute_trimmed_offsets() 'Trimmed offsets debug info: w:1920, h:1080, ratio:1.777778, iw:1920, ih:1080, scw:1920, sch:1080, ho:0, vo:0'
INFO: 2020-01-18 16:00:00,823: build_imagemagick_clock_cmd() 'Applying clock filter: -density 100 -font `fc-match -f '%{file[0]}' 'Sans:Bold:70'` -pointsize 70 -gravity SouthEast -fill '#00000044' -annotate 0x0+58+108 '16:00' -fill white -annotate 0x0+60+110 '16:00' -font `fc-match -f '%{file[0]}' 'Sans:32'` -pointsize 32 -fill '#00000044' -annotate 0x0+58+58 '星期六, 一月 18' -fill white -annotate 0x0+60+60 '星期六, 一月 18''
INFO: 2020-01-18 16:00:00,823: build_imagemagick_clock_cmd() 'ImageMagick clock cmd: convert '/home/harold/Pictures/壁纸A/A2.jpg' -scale 1920x1080^ -density 100 -font `fc-match -f '%{file[0]}' 'Sans:Bold:70'` -pointsize 70 -gravity SouthEast -fill '#00000044' -annotate 0x0+58+108 '16:00' -fill white -annotate 0x0+60+110 '16:00' -font `fc-match -f '%{file[0]}' 'Sans:32'` -pointsize 32 -fill '#00000044' -annotate 0x0+58+58 '星期六, 一月 18' -fill white -annotate 0x0+60+60 '星期六, 一月 18' /home/harold/.config/variety/wallpaper/wallpaper-clock-c93a2510cb9329151e3c6a4c33967b88.jpg'
INFO: 2020-01-18 16:00:01,052: update_indicator() 'Setting file info to: /home/harold/Pictures/壁纸A/A2.jpg'
INFO: 2020-01-18 16:00:01,053: list_files() 'More than 1 files in the folders, stop listing'
INFO: 2020-01-18 16:01:00,890: clock_thread_method() 'clock_thread updates wallpaper'
INFO: 2020-01-18 16:01:00,891: do_set_wp() 'Calling do_set_wp with /home/harold/Pictures/壁纸A/A2.jpg, time: 1579363260.8914852'
INFO: 2020-01-18 16:01:00,893: compute_trimmed_offsets() 'Trimmed offsets debug info: w:1920, h:1080, ratio:1.777778, iw:1920, ih:1080, scw:1920, sch:1080, ho:0, vo:0'
INFO: 2020-01-18 16:01:00,894: build_imagemagick_clock_cmd() 'Applying clock filter: -density 100 -font `fc-match -f '%{file[0]}' 'Sans:Bold:70'` -pointsize 70 -gravity SouthEast -fill '#00000044' -annotate 0x0+58+108 '16:01' -fill white -annotate 0x0+60+110 '16:01' -font `fc-match -f '%{file[0]}' 'Sans:32'` -pointsize 32 -fill '#00000044' -annotate 0x0+58+58 '星期六, 一月 18' -fill white -annotate 0x0+60+60 '星期六, 一月 18''
INFO: 2020-01-18 16:01:00,894: build_imagemagick_clock_cmd() 'ImageMagick clock cmd: convert '/home/harold/Pictures/壁纸A/A2.jpg' -scale 1920x1080^ -density 100 -font `fc-match -f '%{file[0]}' 'Sans:Bold:70'` -pointsize 70 -gravity SouthEast -fill '#00000044' -annotate 0x0+58+108 '16:01' -fill white -annotate 0x0+60+110 '16:01' -font `fc-match -f '%{file[0]}' 'Sans:32'` -pointsize 32 -fill '#00000044' -annotate 0x0+58+58 '星期六, 一月 18' -fill white -annotate 0x0+60+60 '星期六, 一月 18' /home/harold/.config/variety/wallpaper/wallpaper-clock-9a18c3174650dc087c5b5cf68e7100d2.jpg'
INFO: 2020-01-18 16:01:01,111: update_indicator() 'Setting file info to: /home/harold/Pictures/壁纸A/A2.jpg'
INFO: 2020-01-18 16:01:01,112: list_files() 'More than 1 files in the folders, stop listing'
INFO: 2020-01-18 16:01:21,903: regular_change_thread() 'regular_change changes wallpaper'
INFO: 2020-01-18 16:01:21,904: set_wallpaper() 'Calling set_wallpaper with /home/harold/Pictures/壁纸A/anime-girl-braids-buildings-stairs-back-view-school-uniform-26894.jpeg'
INFO: 2020-01-18 16:01:21,905: prepare_thread() 'Prepared buffer contains 49 images'
INFO: 2020-01-18 16:01:21,905: do_set_wp() 'Calling do_set_wp with /home/harold/Pictures/壁纸A/anime-girl-braids-buildings-stairs-back-view-school-uniform-26894.jpeg, time: 1579363281.9058244'
INFO: 2020-01-18 16:01:21,908: compute_trimmed_offsets() 'Trimmed offsets debug info: w:1920, h:1080, ratio:1.777778, iw:2000, ih:1414, scw:1920, sch:1357, ho:0, vo:138'
INFO: 2020-01-18 16:01:21,909: build_imagemagick_clock_cmd() 'Applying clock filter: -density 100 -font `fc-match -f '%{file[0]}' 'Sans:Bold:70'` -pointsize 70 -gravity SouthEast -fill '#00000044' -annotate 0x0+58+246 '16:01' -fill white -annotate 0x0+60+248 '16:01' -font `fc-match -f '%{file[0]}' 'Sans:32'` -pointsize 32 -fill '#00000044' -annotate 0x0+58+196 '星期六, 一月 18' -fill white -annotate 0x0+60+198 '星期六, 一月 18''
INFO: 2020-01-18 16:01:21,909: build_imagemagick_clock_cmd() 'ImageMagick clock cmd: convert '/home/harold/Pictures/壁纸A/anime-girl-braids-buildings-stairs-back-view-school-uniform-26894.jpeg' -scale 1920x1080^ -density 100 -font `fc-match -f '%{file[0]}' 'Sans:Bold:70'` -pointsize 70 -gravity SouthEast -fill '#00000044' -annotate 0x0+58+246 '16:01' -fill white -annotate 0x0+60+248 '16:01' -font `fc-match -f '%{file[0]}' 'Sans:32'` -pointsize 32 -fill '#00000044' -annotate 0x0+58+196 '星期六, 一月 18' -fill white -annotate 0x0+60+198 '星期六, 一月 18' /home/harold/.config/variety/wallpaper/wallpaper-clock-4dfd0d94cf8bc99c3491c5a42188f641.jpg'
INFO: 2020-01-18 16:01:22,242: update_indicator() 'Setting file info to: /home/harold/Pictures/壁纸A/anime-girl-braids-buildings-stairs-back-view-school-uniform-26894.jpeg'
INFO: 2020-01-18 16:01:22,243: list_files() 'More than 1 files in the folders, stop listing'
INFO: 2020-01-18 16:01:23,907: trigger_download() 'Triggering download thread to check if download needed'
INFO: 2020-01-18 16:02:00,959: clock_thread_method() 'clock_thread updates wallpaper'
INFO: 2020-01-18 16:02:00,960: do_set_wp() 'Calling do_set_wp with /home/harold/Pictures/壁纸A/anime-girl-braids-buildings-stairs-back-view-school-uniform-26894.jpeg, time: 1579363320.9605865'
INFO: 2020-01-18 16:02:00,962: compute_trimmed_offsets() 'Trimmed offsets debug info: w:1920, h:1080, ratio:1.777778, iw:2000, ih:1414, scw:1920, sch:1357, ho:0, vo:138'
INFO: 2020-01-18 16:02:00,963: build_imagemagick_clock_cmd() 'Applying clock filter: -density 100 -font `fc-match -f '%{file[0]}' 'Sans:Bold:70'` -pointsize 70 -gravity SouthEast -fill '#00000044' -annotate 0x0+58+246 '16:02' -fill white -annotate 0x0+60+248 '16:02' -font `fc-match -f '%{file[0]}' 'Sans:32'` -pointsize 32 -fill '#00000044' -annotate 0x0+58+196 '星期六, 一月 18' -fill white -annotate 0x0+60+198 '星期六, 一月 18''
INFO: 2020-01-18 16:02:00,963: build_imagemagick_clock_cmd() 'ImageMagick clock cmd: convert '/home/harold/Pictures/壁纸A/anime-girl-braids-buildings-stairs-back-view-school-uniform-26894.jpeg' -scale 1920x1080^ -density 100 -font `fc-match -f '%{file[0]}' 'Sans:Bold:70'` -pointsize 70 -gravity SouthEast -fill '#00000044' -annotate 0x0+58+246 '16:02' -fill white -annotate 0x0+60+248 '16:02' -font `fc-match -f '%{file[0]}' 'Sans:32'` -pointsize 32 -fill '#00000044' -annotate 0x0+58+196 '星期六, 一月 18' -fill white -annotate 0x0+60+198 '星期六, 一月 18' /home/harold/.config/variety/wallpaper/wallpaper-clock-10f615073229cb144f5c6cc3553bc18c.jpg'
INFO: 2020-01-18 16:02:01,288: update_indicator() 'Setting file info to: /home/harold/Pictures/壁纸A/anime-girl-braids-buildings-stairs-back-view-school-uniform-26894.jpeg'
INFO: 2020-01-18 16:02:01,289: list_files() 'More than 1 files in the folders, stop listing'
INFO: 2020-01-18 16:03:00,027: clock_thread_method() 'clock_thread updates wallpaper'
INFO: 2020-01-18 16:03:00,028: do_set_wp() 'Calling do_set_wp with /home/harold/Pictures/壁纸A/anime-girl-braids-buildings-stairs-back-view-school-uniform-26894.jpeg, time: 1579363380.0289333'
INFO: 2020-01-18 16:03:00,032: compute_trimmed_offsets() 'Trimmed offsets debug info: w:1920, h:1080, ratio:1.777778, iw:2000, ih:1414, scw:1920, sch:1357, ho:0, vo:138'
INFO: 2020-01-18 16:03:00,033: build_imagemagick_clock_cmd() 'Applying clock filter: -density 100 -font `fc-match -f '%{file[0]}' 'Sans:Bold:70'` -pointsize 70 -gravity SouthEast -fill '#00000044' -annotate 0x0+58+246 '16:03' -fill white -annotate 0x0+60+248 '16:03' -font `fc-match -f '%{file[0]}' 'Sans:32'` -pointsize 32 -fill '#00000044' -annotate 0x0+58+196 '星期六, 一月 18' -fill white -annotate 0x0+60+198 '星期六, 一月 18''
INFO: 2020-01-18 16:03:00,033: build_imagemagick_clock_cmd() 'ImageMagick clock cmd: convert '/home/harold/Pictures/壁纸A/anime-girl-braids-buildings-stairs-back-view-school-uniform-26894.jpeg' -scale 1920x1080^ -density 100 -font `fc-match -f '%{file[0]}' 'Sans:Bold:70'` -pointsize 70 -gravity SouthEast -fill '#00000044' -annotate 0x0+58+246 '16:03' -fill white -annotate 0x0+60+248 '16:03' -font `fc-match -f '%{file[0]}' 'Sans:32'` -pointsize 32 -fill '#00000044' -annotate 0x0+58+196 '星期六, 一月 18' -fill white -annotate 0x0+60+198 '星期六, 一月 18' /home/harold/.config/variety/wallpaper/wallpaper-clock-0cfa3711a77b535a223fae0a6fa9c2c7.jpg'
INFO: 2020-01-18 16:03:00,375: update_indicator() 'Setting file info to: /home/harold/Pictures/壁纸A/anime-girl-braids-buildings-stairs-back-view-school-uniform-26894.jpeg'
INFO: 2020-01-18 16:03:00,376: list_files() 'More than 1 files in the folders, stop listing'
INFO: 2020-01-18 16:04:00,096: clock_thread_method() 'clock_thread updates wallpaper'
INFO: 2020-01-18 16:04:00,098: do_set_wp() 'Calling do_set_wp with /home/harold/Pictures/壁纸A/anime-girl-braids-buildings-stairs-back-view-school-uniform-26894.jpeg, time: 1579363440.0981383'
INFO: 2020-01-18 16:04:00,100: compute_trimmed_offsets() 'Trimmed offsets debug info: w:1920, h:1080, ratio:1.777778, iw:2000, ih:1414, scw:1920, sch:1357, ho:0, vo:138'
INFO: 2020-01-18 16:04:00,101: build_imagemagick_clock_cmd() 'Applying clock filter: -density 100 -font `fc-match -f '%{file[0]}' 'Sans:Bold:70'` -pointsize 70 -gravity SouthEast -fill '#00000044' -annotate 0x0+58+246 '16:04' -fill white -annotate 0x0+60+248 '16:04' -font `fc-match -f '%{file[0]}' 'Sans:32'` -pointsize 32 -fill '#00000044' -annotate 0x0+58+196 '星期六, 一月 18' -fill white -annotate 0x0+60+198 '星期六, 一月 18''
INFO: 2020-01-18 16:04:00,101: build_imagemagick_clock_cmd() 'ImageMagick clock cmd: convert '/home/harold/Pictures/壁纸A/anime-girl-braids-buildings-stairs-back-view-school-uniform-26894.jpeg' -scale 1920x1080^ -density 100 -font `fc-match -f '%{file[0]}' 'Sans:Bold:70'` -pointsize 70 -gravity SouthEast -fill '#00000044' -annotate 0x0+58+246 '16:04' -fill white -annotate 0x0+60+248 '16:04' -font `fc-match -f '%{file[0]}' 'Sans:32'` -pointsize 32 -fill '#00000044' -annotate 0x0+58+196 '星期六, 一月 18' -fill white -annotate 0x0+60+198 '星期六, 一月 18' /home/harold/.config/variety/wallpaper/wallpaper-clock-8745f41d788d0a94a9ec5aa6d965f979.jpg'
INFO: 2020-01-18 16:04:00,423: update_indicator() 'Setting file info to: /home/harold/Pictures/壁纸A/anime-girl-braids-buildings-stairs-back-view-school-uniform-26894.jpeg'
INFO: 2020-01-18 16:04:00,424: list_files() 'More than 1 files in the folders, stop listing'
INFO: 2020-01-18 16:05:00,167: clock_thread_method() 'clock_thread updates wallpaper'
INFO: 2020-01-18 16:05:00,168: do_set_wp() 'Calling do_set_wp with /home/harold/Pictures/壁纸A/anime-girl-braids-buildings-stairs-back-view-school-uniform-26894.jpeg, time: 1579363500.168129'
INFO: 2020-01-18 16:05:00,170: compute_trimmed_offsets() 'Trimmed offsets debug info: w:1920, h:1080, ratio:1.777778, iw:2000, ih:1414, scw:1920, sch:1357, ho:0, vo:138'
INFO: 2020-01-18 16:05:00,170: build_imagemagick_clock_cmd() 'Applying clock filter: -density 100 -font `fc-match -f '%{file[0]}' 'Sans:Bold:70'` -pointsize 70 -gravity SouthEast -fill '#00000044' -annotate 0x0+58+246 '16:05' -fill white -annotate 0x0+60+248 '16:05' -font `fc-match -f '%{file[0]}' 'Sans:32'` -pointsize 32 -fill '#00000044' -annotate 0x0+58+196 '星期六, 一月 18' -fill white -annotate 0x0+60+198 '星期六, 一月 18''
INFO: 2020-01-18 16:05:00,170: build_imagemagick_clock_cmd() 'ImageMagick clock cmd: convert '/home/harold/Pictures/壁纸A/anime-girl-braids-buildings-stairs-back-view-school-uniform-26894.jpeg' -scale 1920x1080^ -density 100 -font `fc-match -f '%{file[0]}' 'Sans:Bold:70'` -pointsize 70 -gravity SouthEast -fill '#00000044' -annotate 0x0+58+246 '16:05' -fill white -annotate 0x0+60+248 '16:05' -font `fc-match -f '%{file[0]}' 'Sans:32'` -pointsize 32 -fill '#00000044' -annotate 0x0+58+196 '星期六, 一月 18' -fill white -annotate 0x0+60+198 '星期六, 一月 18' /home/harold/.config/variety/wallpaper/wallpaper-clock-65e3b24538777b1bb87d262aa6049031.jpg'
INFO: 2020-01-18 16:05:00,493: update_indicator() 'Setting file info to: /home/harold/Pictures/壁纸A/anime-girl-braids-buildings-stairs-back-view-school-uniform-26894.jpeg'
INFO: 2020-01-18 16:05:00,494: list_files() 'More than 1 files in the folders, stop listing'
INFO: 2020-01-18 16:06:00,236: clock_thread_method() 'clock_thread updates wallpaper'
INFO: 2020-01-18 16:06:00,237: do_set_wp() 'Calling do_set_wp with /home/harold/Pictures/壁纸A/anime-girl-braids-buildings-stairs-back-view-school-uniform-26894.jpeg, time: 1579363560.237139'
INFO: 2020-01-18 16:06:00,238: compute_trimmed_offsets() 'Trimmed offsets debug info: w:1920, h:1080, ratio:1.777778, iw:2000, ih:1414, scw:1920, sch:1357, ho:0, vo:138'
INFO: 2020-01-18 16:06:00,239: build_imagemagick_clock_cmd() 'Applying clock filter: -density 100 -font `fc-match -f '%{file[0]}' 'Sans:Bold:70'` -pointsize 70 -gravity SouthEast -fill '#00000044' -annotate 0x0+58+246 '16:06' -fill white -annotate 0x0+60+248 '16:06' -font `fc-match -f '%{file[0]}' 'Sans:32'` -pointsize 32 -fill '#00000044' -annotate 0x0+58+196 '星期六, 一月 18' -fill white -annotate 0x0+60+198 '星期六, 一月 18''
INFO: 2020-01-18 16:06:00,239: build_imagemagick_clock_cmd() 'ImageMagick clock cmd: convert '/home/harold/Pictures/壁纸A/anime-girl-braids-buildings-stairs-back-view-school-uniform-26894.jpeg' -scale 1920x1080^ -density 100 -font `fc-match -f '%{file[0]}' 'Sans:Bold:70'` -pointsize 70 -gravity SouthEast -fill '#00000044' -annotate 0x0+58+246 '16:06' -fill white -annotate 0x0+60+248 '16:06' -font `fc-match -f '%{file[0]}' 'Sans:32'` -pointsize 32 -fill '#00000044' -annotate 0x0+58+196 '星期六, 一月 18' -fill white -annotate 0x0+60+198 '星期六, 一月 18' /home/harold/.config/variety/wallpaper/wallpaper-clock-8e58ba336da2405216ed1642707aa5af.jpg'
INFO: 2020-01-18 16:06:00,564: update_indicator() 'Setting file info to: /home/harold/Pictures/壁纸A/anime-girl-braids-buildings-stairs-back-view-school-uniform-26894.jpeg'
INFO: 2020-01-18 16:06:00,565: list_files() 'More than 1 files in the folders, stop listing'
INFO: 2020-01-18 16:06:22,269: regular_change_thread() 'regular_change changes wallpaper'
INFO: 2020-01-18 16:06:22,270: set_wallpaper() 'Calling set_wallpaper with /home/harold/Pictures/壁纸A/bilibili.jpg'
INFO: 2020-01-18 16:06:22,271: prepare_thread() 'Prepared buffer contains 48 images'
INFO: 2020-01-18 16:06:22,272: do_set_wp() 'Calling do_set_wp with /home/harold/Pictures/壁纸A/bilibili.jpg, time: 1579363582.2725205'
INFO: 2020-01-18 16:06:22,274: compute_trimmed_offsets() 'Trimmed offsets debug info: w:1920, h:1080, ratio:1.777778, iw:2000, ih:1125, scw:1920, sch:1080, ho:0, vo:0'
INFO: 2020-01-18 16:06:22,275: build_imagemagick_clock_cmd() 'Applying clock filter: -density 100 -font `fc-match -f '%{file[0]}' 'Sans:Bold:70'` -pointsize 70 -gravity SouthEast -fill '#00000044' -annotate 0x0+58+108 '16:06' -fill white -annotate 0x0+60+110 '16:06' -font `fc-match -f '%{file[0]}' 'Sans:32'` -pointsize 32 -fill '#00000044' -annotate 0x0+58+58 '星期六, 一月 18' -fill white -annotate 0x0+60+60 '星期六, 一月 18''
INFO: 2020-01-18 16:06:22,276: build_imagemagick_clock_cmd() 'ImageMagick clock cmd: convert '/home/harold/Pictures/壁纸A/bilibili.jpg' -scale 1920x1080^ -density 100 -font `fc-match -f '%{file[0]}' 'Sans:Bold:70'` -pointsize 70 -gravity SouthEast -fill '#00000044' -annotate 0x0+58+108 '16:06' -fill white -annotate 0x0+60+110 '16:06' -font `fc-match -f '%{file[0]}' 'Sans:32'` -pointsize 32 -fill '#00000044' -annotate 0x0+58+58 '星期六, 一月 18' -fill white -annotate 0x0+60+60 '星期六, 一月 18' /home/harold/.config/variety/wallpaper/wallpaper-clock-53b82b6d305f4379dc241b20d1ec8ab6.jpg'
INFO: 2020-01-18 16:06:22,564: update_indicator() 'Setting file info to: /home/harold/Pictures/壁纸A/bilibili.jpg'
INFO: 2020-01-18 16:06:22,565: list_files() 'More than 1 files in the folders, stop listing'
INFO: 2020-01-18 16:06:24,272: trigger_download() 'Triggering download thread to check if download needed'
INFO: 2020-01-18 16:07:00,304: clock_thread_method() 'clock_thread updates wallpaper'
INFO: 2020-01-18 16:07:00,305: do_set_wp() 'Calling do_set_wp with /home/harold/Pictures/壁纸A/bilibili.jpg, time: 1579363620.3053098'
INFO: 2020-01-18 16:07:00,307: compute_trimmed_offsets() 'Trimmed offsets debug info: w:1920, h:1080, ratio:1.777778, iw:2000, ih:1125, scw:1920, sch:1080, ho:0, vo:0'
INFO: 2020-01-18 16:07:00,307: build_imagemagick_clock_cmd() 'Applying clock filter: -density 100 -font `fc-match -f '%{file[0]}' 'Sans:Bold:70'` -pointsize 70 -gravity SouthEast -fill '#00000044' -annotate 0x0+58+108 '16:07' -fill white -annotate 0x0+60+110 '16:07' -font `fc-match -f '%{file[0]}' 'Sans:32'` -pointsize 32 -fill '#00000044' -annotate 0x0+58+58 '星期六, 一月 18' -fill white -annotate 0x0+60+60 '星期六, 一月 18''
INFO: 2020-01-18 16:07:00,307: build_imagemagick_clock_cmd() 'ImageMagick clock cmd: convert '/home/harold/Pictures/壁纸A/bilibili.jpg' -scale 1920x1080^ -density 100 -font `fc-match -f '%{file[0]}' 'Sans:Bold:70'` -pointsize 70 -gravity SouthEast -fill '#00000044' -annotate 0x0+58+108 '16:07' -fill white -annotate 0x0+60+110 '16:07' -font `fc-match -f '%{file[0]}' 'Sans:32'` -pointsize 32 -fill '#00000044' -annotate 0x0+58+58 '星期六, 一月 18' -fill white -annotate 0x0+60+60 '星期六, 一月 18' /home/harold/.config/variety/wallpaper/wallpaper-clock-e7f2c8e081600c664ebada38ef1c350f.jpg'
INFO: 2020-01-18 16:07:00,583: update_indicator() 'Setting file info to: /home/harold/Pictures/壁纸A/bilibili.jpg'
INFO: 2020-01-18 16:07:00,584: list_files() 'More than 1 files in the folders, stop listing'
INFO: 2020-01-18 16:08:00,372: clock_thread_method() 'clock_thread updates wallpaper'
INFO: 2020-01-18 16:08:00,373: do_set_wp() 'Calling do_set_wp with /home/harold/Pictures/壁纸A/bilibili.jpg, time: 1579363680.3733943'
INFO: 2020-01-18 16:08:00,375: compute_trimmed_offsets() 'Trimmed offsets debug info: w:1920, h:1080, ratio:1.777778, iw:2000, ih:1125, scw:1920, sch:1080, ho:0, vo:0'
INFO: 2020-01-18 16:08:00,375: build_imagemagick_clock_cmd() 'Applying clock filter: -density 100 -font `fc-match -f '%{file[0]}' 'Sans:Bold:70'` -pointsize 70 -gravity SouthEast -fill '#00000044' -annotate 0x0+58+108 '16:08' -fill white -annotate 0x0+60+110 '16:08' -font `fc-match -f '%{file[0]}' 'Sans:32'` -pointsize 32 -fill '#00000044' -annotate 0x0+58+58 '星期六, 一月 18' -fill white -annotate 0x0+60+60 '星期六, 一月 18''
INFO: 2020-01-18 16:08:00,376: build_imagemagick_clock_cmd() 'ImageMagick clock cmd: convert '/home/harold/Pictures/壁纸A/bilibili.jpg' -scale 1920x1080^ -density 100 -font `fc-match -f '%{file[0]}' 'Sans:Bold:70'` -pointsize 70 -gravity SouthEast -fill '#00000044' -annotate 0x0+58+108 '16:08' -fill white -annotate 0x0+60+110 '16:08' -font `fc-match -f '%{file[0]}' 'Sans:32'` -pointsize 32 -fill '#00000044' -annotate 0x0+58+58 '星期六, 一月 18' -fill white -annotate 0x0+60+60 '星期六, 一月 18' /home/harold/.config/variety/wallpaper/wallpaper-clock-e9e9082ebdf708171dd532f2fe4a9ff9.jpg'
INFO: 2020-01-18 16:08:00,626: update_indicator() 'Setting file info to: /home/harold/Pictures/壁纸A/bilibili.jpg'
INFO: 2020-01-18 16:08:00,627: list_files() 'More than 1 files in the folders, stop listing'
INFO: 2020-01-18 16:09:00,437: clock_thread_method() 'clock_thread updates wallpaper'
INFO: 2020-01-18 16:09:00,439: do_set_wp() 'Calling do_set_wp with /home/harold/Pictures/壁纸A/bilibili.jpg, time: 1579363740.4392436'
INFO: 2020-01-18 16:09:00,441: compute_trimmed_offsets() 'Trimmed offsets debug info: w:1920, h:1080, ratio:1.777778, iw:2000, ih:1125, scw:1920, sch:1080, ho:0, vo:0'
INFO: 2020-01-18 16:09:00,442: build_imagemagick_clock_cmd() 'Applying clock filter: -density 100 -font `fc-match -f '%{file[0]}' 'Sans:Bold:70'` -pointsize 70 -gravity SouthEast -fill '#00000044' -annotate 0x0+58+108 '16:09' -fill white -annotate 0x0+60+110 '16:09' -font `fc-match -f '%{file[0]}' 'Sans:32'` -pointsize 32 -fill '#00000044' -annotate 0x0+58+58 '星期六, 一月 18' -fill white -annotate 0x0+60+60 '星期六, 一月 18''
INFO: 2020-01-18 16:09:00,442: build_imagemagick_clock_cmd() 'ImageMagick clock cmd: convert '/home/harold/Pictures/壁纸A/bilibili.jpg' -scale 1920x1080^ -density 100 -font `fc-match -f '%{file[0]}' 'Sans:Bold:70'` -pointsize 70 -gravity SouthEast -fill '#00000044' -annotate 0x0+58+108 '16:09' -fill white -annotate 0x0+60+110 '16:09' -font `fc-match -f '%{file[0]}' 'Sans:32'` -pointsize 32 -fill '#00000044' -annotate 0x0+58+58 '星期六, 一月 18' -fill white -annotate 0x0+60+60 '星期六, 一月 18' /home/harold/.config/variety/wallpaper/wallpaper-clock-86b7a171d7e69fb1e2b9ae47514e6747.jpg'
INFO: 2020-01-18 16:09:00,856: update_indicator() 'Setting file info to: /home/harold/Pictures/壁纸A/bilibili.jpg'
INFO: 2020-01-18 16:09:00,857: list_files() 'More than 1 files in the folders, stop listing'
INFO: 2020-01-18 16:10:00,504: clock_thread_method() 'clock_thread updates wallpaper'
INFO: 2020-01-18 16:10:00,505: do_set_wp() 'Calling do_set_wp with /home/harold/Pictures/壁纸A/bilibili.jpg, time: 1579363800.5054662'
INFO: 2020-01-18 16:10:00,506: compute_trimmed_offsets() 'Trimmed offsets debug info: w:1920, h:1080, ratio:1.777778, iw:2000, ih:1125, scw:1920, sch:1080, ho:0, vo:0'
INFO: 2020-01-18 16:10:00,506: build_imagemagick_clock_cmd() 'Applying clock filter: -density 100 -font `fc-match -f '%{file[0]}' 'Sans:Bold:70'` -pointsize 70 -gravity SouthEast -fill '#00000044' -annotate 0x0+58+108 '16:10' -fill white -annotate 0x0+60+110 '16:10' -font `fc-match -f '%{file[0]}' 'Sans:32'` -pointsize 32 -fill '#00000044' -annotate 0x0+58+58 '星期六, 一月 18' -fill white -annotate 0x0+60+60 '星期六, 一月 18''
INFO: 2020-01-18 16:10:00,506: build_imagemagick_clock_cmd() 'ImageMagick clock cmd: convert '/home/harold/Pictures/壁纸A/bilibili.jpg' -scale 1920x1080^ -density 100 -font `fc-match -f '%{file[0]}' 'Sans:Bold:70'` -pointsize 70 -gravity SouthEast -fill '#00000044' -annotate 0x0+58+108 '16:10' -fill white -annotate 0x0+60+110 '16:10' -font `fc-match -f '%{file[0]}' 'Sans:32'` -pointsize 32 -fill '#00000044' -annotate 0x0+58+58 '星期六, 一月 18' -fill white -annotate 0x0+60+60 '星期六, 一月 18' /home/harold/.config/variety/wallpaper/wallpaper-clock-6d929bce21eb878058449a32432d07b1.jpg'
INFO: 2020-01-18 16:10:01,018: update_indicator() 'Setting file info to: /home/harold/Pictures/壁纸A/bilibili.jpg'
INFO: 2020-01-18 16:10:01,021: list_files() 'More than 1 files in the folders, stop listing'
INFO: 2020-01-18 16:11:00,569: clock_thread_method() 'clock_thread updates wallpaper'
INFO: 2020-01-18 16:11:00,570: do_set_wp() 'Calling do_set_wp with /home/harold/Pictures/壁纸A/bilibili.jpg, time: 1579363860.5705006'
INFO: 2020-01-18 16:11:00,571: compute_trimmed_offsets() 'Trimmed offsets debug info: w:1920, h:1080, ratio:1.777778, iw:2000, ih:1125, scw:1920, sch:1080, ho:0, vo:0'
INFO: 2020-01-18 16:11:00,572: build_imagemagick_clock_cmd() 'Applying clock filter: -density 100 -font `fc-match -f '%{file[0]}' 'Sans:Bold:70'` -pointsize 70 -gravity SouthEast -fill '#00000044' -annotate 0x0+58+108 '16:11' -fill white -annotate 0x0+60+110 '16:11' -font `fc-match -f '%{file[0]}' 'Sans:32'` -pointsize 32 -fill '#00000044' -annotate 0x0+58+58 '星期六, 一月 18' -fill white -annotate 0x0+60+60 '星期六, 一月 18''
INFO: 2020-01-18 16:11:00,572: build_imagemagick_clock_cmd() 'ImageMagick clock cmd: convert '/home/harold/Pictures/壁纸A/bilibili.jpg' -scale 1920x1080^ -density 100 -font `fc-match -f '%{file[0]}' 'Sans:Bold:70'` -pointsize 70 -gravity SouthEast -fill '#00000044' -annotate 0x0+58+108 '16:11' -fill white -annotate 0x0+60+110 '16:11' -font `fc-match -f '%{file[0]}' 'Sans:32'` -pointsize 32 -fill '#00000044' -annotate 0x0+58+58 '星期六, 一月 18' -fill white -annotate 0x0+60+60 '星期六, 一月 18' /home/harold/.config/variety/wallpaper/wallpaper-clock-64562e07eb25ba578a5a9068e887095a.jpg'
INFO: 2020-01-18 16:11:00,923: update_indicator() 'Setting file info to: /home/harold/Pictures/壁纸A/bilibili.jpg'
INFO: 2020-01-18 16:11:00,924: list_files() 'More than 1 files in the folders, stop listing'
INFO: 2020-01-18 16:11:22,591: regular_change_thread() 'regular_change changes wallpaper'
INFO: 2020-01-18 16:11:22,593: set_wallpaper() 'Calling set_wallpaper with /home/harold/Pictures/壁纸A/Windows funny.jpg'
INFO: 2020-01-18 16:11:22,593: prepare_thread() 'Prepared buffer contains 47 images'
INFO: 2020-01-18 16:11:22,594: do_set_wp() 'Calling do_set_wp with /home/harold/Pictures/壁纸A/Windows funny.jpg, time: 1579363882.5942438'
INFO: 2020-01-18 16:11:22,595: compute_trimmed_offsets() 'Trimmed offsets debug info: w:1920, h:1080, ratio:1.777778, iw:1920, ih:1080, scw:1920, sch:1080, ho:0, vo:0'
INFO: 2020-01-18 16:11:22,595: build_imagemagick_clock_cmd() 'Applying clock filter: -density 100 -font `fc-match -f '%{file[0]}' 'Sans:Bold:70'` -pointsize 70 -gravity SouthEast -fill '#00000044' -annotate 0x0+58+108 '16:11' -fill white -annotate 0x0+60+110 '16:11' -font `fc-match -f '%{file[0]}' 'Sans:32'` -pointsize 32 -fill '#00000044' -annotate 0x0+58+58 '星期六, 一月 18' -fill white -annotate 0x0+60+60 '星期六, 一月 18''
INFO: 2020-01-18 16:11:22,595: build_imagemagick_clock_cmd() 'ImageMagick clock cmd: convert '/home/harold/Pictures/壁纸A/Windows funny.jpg' -scale 1920x1080^ -density 100 -font `fc-match -f '%{file[0]}' 'Sans:Bold:70'` -pointsize 70 -gravity SouthEast -fill '#00000044' -annotate 0x0+58+108 '16:11' -fill white -annotate 0x0+60+110 '16:11' -font `fc-match -f '%{file[0]}' 'Sans:32'` -pointsize 32 -fill '#00000044' -annotate 0x0+58+58 '星期六, 一月 18' -fill white -annotate 0x0+60+60 '星期六, 一月 18' /home/harold/.config/variety/wallpaper/wallpaper-clock-3c104f83b0f25b149c8e89e26606deb6.jpg'
INFO: 2020-01-18 16:11:22,846: update_indicator() 'Setting file info to: /home/harold/Pictures/壁纸A/Windows funny.jpg'
INFO: 2020-01-18 16:11:22,847: list_files() 'More than 1 files in the folders, stop listing'
INFO: 2020-01-18 16:11:24,594: trigger_download() 'Triggering download thread to check if download needed'
INFO: 2020-01-18 16:12:00,632: clock_thread_method() 'clock_thread updates wallpaper'
INFO: 2020-01-18 16:12:00,633: do_set_wp() 'Calling do_set_wp with /home/harold/Pictures/壁纸A/Windows funny.jpg, time: 1579363920.633471'
INFO: 2020-01-18 16:12:00,634: compute_trimmed_offsets() 'Trimmed offsets debug info: w:1920, h:1080, ratio:1.777778, iw:1920, ih:1080, scw:1920, sch:1080, ho:0, vo:0'
INFO: 2020-01-18 16:12:00,634: build_imagemagick_clock_cmd() 'Applying clock filter: -density 100 -font `fc-match -f '%{file[0]}' 'Sans:Bold:70'` -pointsize 70 -gravity SouthEast -fill '#00000044' -annotate 0x0+58+108 '16:12' -fill white -annotate 0x0+60+110 '16:12' -font `fc-match -f '%{file[0]}' 'Sans:32'` -pointsize 32 -fill '#00000044' -annotate 0x0+58+58 '星期六, 一月 18' -fill white -annotate 0x0+60+60 '星期六, 一月 18''
INFO: 2020-01-18 16:12:00,634: build_imagemagick_clock_cmd() 'ImageMagick clock cmd: convert '/home/harold/Pictures/壁纸A/Windows funny.jpg' -scale 1920x1080^ -density 100 -font `fc-match -f '%{file[0]}' 'Sans:Bold:70'` -pointsize 70 -gravity SouthEast -fill '#00000044' -annotate 0x0+58+108 '16:12' -fill white -annotate 0x0+60+110 '16:12' -font `fc-match -f '%{file[0]}' 'Sans:32'` -pointsize 32 -fill '#00000044' -annotate 0x0+58+58 '星期六, 一月 18' -fill white -annotate 0x0+60+60 '星期六, 一月 18' /home/harold/.config/variety/wallpaper/wallpaper-clock-c6f18087b23a10642e1fa028f9d8378a.jpg'
INFO: 2020-01-18 16:12:00,883: update_indicator() 'Setting file info to: /home/harold/Pictures/壁纸A/Windows funny.jpg'
INFO: 2020-01-18 16:12:00,885: list_files() 'More than 1 files in the folders, stop listing'
INFO: 2020-01-18 16:13:00,697: clock_thread_method() 'clock_thread updates wallpaper'
INFO: 2020-01-18 16:13:00,698: do_set_wp() 'Calling do_set_wp with /home/harold/Pictures/壁纸A/Windows funny.jpg, time: 1579363980.698692'
INFO: 2020-01-18 16:13:00,699: compute_trimmed_offsets() 'Trimmed offsets debug info: w:1920, h:1080, ratio:1.777778, iw:1920, ih:1080, scw:1920, sch:1080, ho:0, vo:0'
INFO: 2020-01-18 16:13:00,700: build_imagemagick_clock_cmd() 'Applying clock filter: -density 100 -font `fc-match -f '%{file[0]}' 'Sans:Bold:70'` -pointsize 70 -gravity SouthEast -fill '#00000044' -annotate 0x0+58+108 '16:13' -fill white -annotate 0x0+60+110 '16:13' -font `fc-match -f '%{file[0]}' 'Sans:32'` -pointsize 32 -fill '#00000044' -annotate 0x0+58+58 '星期六, 一月 18' -fill white -annotate 0x0+60+60 '星期六, 一月 18''
INFO: 2020-01-18 16:13:00,700: build_imagemagick_clock_cmd() 'ImageMagick clock cmd: convert '/home/harold/Pictures/壁纸A/Windows funny.jpg' -scale 1920x1080^ -density 100 -font `fc-match -f '%{file[0]}' 'Sans:Bold:70'` -pointsize 70 -gravity SouthEast -fill '#00000044' -annotate 0x0+58+108 '16:13' -fill white -annotate 0x0+60+110 '16:13' -font `fc-match -f '%{file[0]}' 'Sans:32'` -pointsize 32 -fill '#00000044' -annotate 0x0+58+58 '星期六, 一月 18' -fill white -annotate 0x0+60+60 '星期六, 一月 18' /home/harold/.config/variety/wallpaper/wallpaper-clock-820bb7f59c1c0f2511548aedd52b07d3.jpg'
INFO: 2020-01-18 16:13:00,943: update_indicator() 'Setting file info to: /home/harold/Pictures/壁纸A/Windows funny.jpg'
INFO: 2020-01-18 16:13:00,945: list_files() 'More than 1 files in the folders, stop listing'
INFO: 2020-01-18 16:14:00,761: clock_thread_method() 'clock_thread updates wallpaper'
INFO: 2020-01-18 16:14:00,762: do_set_wp() 'Calling do_set_wp with /home/harold/Pictures/壁纸A/Windows funny.jpg, time: 1579364040.7626147'
INFO: 2020-01-18 16:14:00,764: compute_trimmed_offsets() 'Trimmed offsets debug info: w:1920, h:1080, ratio:1.777778, iw:1920, ih:1080, scw:1920, sch:1080, ho:0, vo:0'
INFO: 2020-01-18 16:14:00,765: build_imagemagick_clock_cmd() 'Applying clock filter: -density 100 -font `fc-match -f '%{file[0]}' 'Sans:Bold:70'` -pointsize 70 -gravity SouthEast -fill '#00000044' -annotate 0x0+58+108 '16:14' -fill white -annotate 0x0+60+110 '16:14' -font `fc-match -f '%{file[0]}' 'Sans:32'` -pointsize 32 -fill '#00000044' -annotate 0x0+58+58 '星期六, 一月 18' -fill white -annotate 0x0+60+60 '星期六, 一月 18''
INFO: 2020-01-18 16:14:00,765: build_imagemagick_clock_cmd() 'ImageMagick clock cmd: convert '/home/harold/Pictures/壁纸A/Windows funny.jpg' -scale 1920x1080^ -density 100 -font `fc-match -f '%{file[0]}' 'Sans:Bold:70'` -pointsize 70 -gravity SouthEast -fill '#00000044' -annotate 0x0+58+108 '16:14' -fill white -annotate 0x0+60+110 '16:14' -font `fc-match -f '%{file[0]}' 'Sans:32'` -pointsize 32 -fill '#00000044' -annotate 0x0+58+58 '星期六, 一月 18' -fill white -annotate 0x0+60+60 '星期六, 一月 18' /home/harold/.config/variety/wallpaper/wallpaper-clock-eac51c60bfd561d86436e2995c6ab6c3.jpg'
INFO: 2020-01-18 16:14:00,898: update_indicator() 'Setting file info to: /home/harold/Pictures/壁纸A/Windows funny.jpg'
INFO: 2020-01-18 16:14:00,900: list_files() 'More than 1 files in the folders, stop listing'
INFO: 2020-01-18 16:15:00,829: clock_thread_method() 'clock_thread updates wallpaper'
INFO: 2020-01-18 16:15:00,829: do_set_wp() 'Calling do_set_wp with /home/harold/Pictures/壁纸A/Windows funny.jpg, time: 1579364100.8298795'
INFO: 2020-01-18 16:15:00,830: compute_trimmed_offsets() 'Trimmed offsets debug info: w:1920, h:1080, ratio:1.777778, iw:1920, ih:1080, scw:1920, sch:1080, ho:0, vo:0'
INFO: 2020-01-18 16:15:00,830: build_imagemagick_clock_cmd() 'Applying clock filter: -density 100 -font `fc-match -f '%{file[0]}' 'Sans:Bold:70'` -pointsize 70 -gravity SouthEast -fill '#00000044' -annotate 0x0+58+108 '16:15' -fill white -annotate 0x0+60+110 '16:15' -font `fc-match -f '%{file[0]}' 'Sans:32'` -pointsize 32 -fill '#00000044' -annotate 0x0+58+58 '星期六, 一月 18' -fill white -annotate 0x0+60+60 '星期六, 一月 18''
INFO: 2020-01-18 16:15:00,830: build_imagemagick_clock_cmd() 'ImageMagick clock cmd: convert '/home/harold/Pictures/壁纸A/Windows funny.jpg' -scale 1920x1080^ -density 100 -font `fc-match -f '%{file[0]}' 'Sans:Bold:70'` -pointsize 70 -gravity SouthEast -fill '#00000044' -annotate 0x0+58+108 '16:15' -fill white -annotate 0x0+60+110 '16:15' -font `fc-match -f '%{file[0]}' 'Sans:32'` -pointsize 32 -fill '#00000044' -annotate 0x0+58+58 '星期六, 一月 18' -fill white -annotate 0x0+60+60 '星期六, 一月 18' /home/harold/.config/variety/wallpaper/wallpaper-clock-0dab82277a77f8d7919d75f5f29d5a3f.jpg'
INFO: 2020-01-18 16:15:00,976: update_indicator() 'Setting file info to: /home/harold/Pictures/壁纸A/Windows funny.jpg'
INFO: 2020-01-18 16:15:00,978: list_files() 'More than 1 files in the folders, stop listing'
INFO: 2020-01-18 16:16:00,896: clock_thread_method() 'clock_thread updates wallpaper'
INFO: 2020-01-18 16:16:00,896: do_set_wp() 'Calling do_set_wp with /home/harold/Pictures/壁纸A/Windows funny.jpg, time: 1579364160.8969262'
INFO: 2020-01-18 16:16:00,897: compute_trimmed_offsets() 'Trimmed offsets debug info: w:1920, h:1080, ratio:1.777778, iw:1920, ih:1080, scw:1920, sch:1080, ho:0, vo:0'
INFO: 2020-01-18 16:16:00,898: build_imagemagick_clock_cmd() 'Applying clock filter: -density 100 -font `fc-match -f '%{file[0]}' 'Sans:Bold:70'` -pointsize 70 -gravity SouthEast -fill '#00000044' -annotate 0x0+58+108 '16:16' -fill white -annotate 0x0+60+110 '16:16' -font `fc-match -f '%{file[0]}' 'Sans:32'` -pointsize 32 -fill '#00000044' -annotate 0x0+58+58 '星期六, 一月 18' -fill white -annotate 0x0+60+60 '星期六, 一月 18''
INFO: 2020-01-18 16:16:00,898: build_imagemagick_clock_cmd() 'ImageMagick clock cmd: convert '/home/harold/Pictures/壁纸A/Windows funny.jpg' -scale 1920x1080^ -density 100 -font `fc-match -f '%{file[0]}' 'Sans:Bold:70'` -pointsize 70 -gravity SouthEast -fill '#00000044' -annotate 0x0+58+108 '16:16' -fill white -annotate 0x0+60+110 '16:16' -font `fc-match -f '%{file[0]}' 'Sans:32'` -pointsize 32 -fill '#00000044' -annotate 0x0+58+58 '星期六, 一月 18' -fill white -annotate 0x0+60+60 '星期六, 一月 18' /home/harold/.config/variety/wallpaper/wallpaper-clock-fba10461063680f35d2a5ea67a800969.jpg'
INFO: 2020-01-18 16:16:01,117: update_indicator() 'Setting file info to: /home/harold/Pictures/壁纸A/Windows funny.jpg'
INFO: 2020-01-18 16:16:01,119: list_files() 'More than 1 files in the folders, stop listing'
INFO: 2020-01-18 16:16:22,881: regular_change_thread() 'regular_change changes wallpaper'
INFO: 2020-01-18 16:16:22,882: set_wallpaper() 'Calling set_wallpaper with /home/harold/Pictures/壁纸A/siji_vocaloid_hatsune_miku_station_train_girl_snow_99127_1920x1080.jpg'
INFO: 2020-01-18 16:16:22,882: prepare_thread() 'Prepared buffer contains 46 images'
INFO: 2020-01-18 16:16:22,884: do_set_wp() 'Calling do_set_wp with /home/harold/Pictures/壁纸A/siji_vocaloid_hatsune_miku_station_train_girl_snow_99127_1920x1080.jpg, time: 1579364182.8844373'
INFO: 2020-01-18 16:16:22,886: compute_trimmed_offsets() 'Trimmed offsets debug info: w:1920, h:1080, ratio:1.777778, iw:1920, ih:1080, scw:1920, sch:1080, ho:0, vo:0'
INFO: 2020-01-18 16:16:22,888: build_imagemagick_clock_cmd() 'Applying clock filter: -density 100 -font `fc-match -f '%{file[0]}' 'Sans:Bold:70'` -pointsize 70 -gravity SouthEast -fill '#00000044' -annotate 0x0+58+108 '16:16' -fill white -annotate 0x0+60+110 '16:16' -font `fc-match -f '%{file[0]}' 'Sans:32'` -pointsize 32 -fill '#00000044' -annotate 0x0+58+58 '星期六, 一月 18' -fill white -annotate 0x0+60+60 '星期六, 一月 18''
INFO: 2020-01-18 16:16:22,888: build_imagemagick_clock_cmd() 'ImageMagick clock cmd: convert '/home/harold/Pictures/壁纸A/siji_vocaloid_hatsune_miku_station_train_girl_snow_99127_1920x1080.jpg' -scale 1920x1080^ -density 100 -font `fc-match -f '%{file[0]}' 'Sans:Bold:70'` -pointsize 70 -gravity SouthEast -fill '#00000044' -annotate 0x0+58+108 '16:16' -fill white -annotate 0x0+60+110 '16:16' -font `fc-match -f '%{file[0]}' 'Sans:32'` -pointsize 32 -fill '#00000044' -annotate 0x0+58+58 '星期六, 一月 18' -fill white -annotate 0x0+60+60 '星期六, 一月 18' /home/harold/.config/variety/wallpaper/wallpaper-clock-89298744804ea68c4f25161259c2d29f.jpg'
INFO: 2020-01-18 16:16:23,091: update_indicator() 'Setting file info to: /home/harold/Pictures/壁纸A/siji_vocaloid_hatsune_miku_station_train_girl_snow_99127_1920x1080.jpg'
INFO: 2020-01-18 16:16:23,092: list_files() 'More than 1 files in the folders, stop listing'
INFO: 2020-01-18 16:16:24,884: trigger_download() 'Triggering download thread to check if download needed'
INFO: 2020-01-18 16:17:00,963: clock_thread_method() 'clock_thread updates wallpaper'
INFO: 2020-01-18 16:17:00,964: do_set_wp() 'Calling do_set_wp with /home/harold/Pictures/壁纸A/siji_vocaloid_hatsune_miku_station_train_girl_snow_99127_1920x1080.jpg, time: 1579364220.9642136'
INFO: 2020-01-18 16:17:00,965: compute_trimmed_offsets() 'Trimmed offsets debug info: w:1920, h:1080, ratio:1.777778, iw:1920, ih:1080, scw:1920, sch:1080, ho:0, vo:0'
INFO: 2020-01-18 16:17:00,965: build_imagemagick_clock_cmd() 'Applying clock filter: -density 100 -font `fc-match -f '%{file[0]}' 'Sans:Bold:70'` -pointsize 70 -gravity SouthEast -fill '#00000044' -annotate 0x0+58+108 '16:17' -fill white -annotate 0x0+60+110 '16:17' -font `fc-match -f '%{file[0]}' 'Sans:32'` -pointsize 32 -fill '#00000044' -annotate 0x0+58+58 '星期六, 一月 18' -fill white -annotate 0x0+60+60 '星期六, 一月 18''
INFO: 2020-01-18 16:17:00,965: build_imagemagick_clock_cmd() 'ImageMagick clock cmd: convert '/home/harold/Pictures/壁纸A/siji_vocaloid_hatsune_miku_station_train_girl_snow_99127_1920x1080.jpg' -scale 1920x1080^ -density 100 -font `fc-match -f '%{file[0]}' 'Sans:Bold:70'` -pointsize 70 -gravity SouthEast -fill '#00000044' -annotate 0x0+58+108 '16:17' -fill white -annotate 0x0+60+110 '16:17' -font `fc-match -f '%{file[0]}' 'Sans:32'` -pointsize 32 -fill '#00000044' -annotate 0x0+58+58 '星期六, 一月 18' -fill white -annotate 0x0+60+60 '星期六, 一月 18' /home/harold/.config/variety/wallpaper/wallpaper-clock-8dd4de2970ae898ca753d24c09a3377d.jpg'
INFO: 2020-01-18 16:17:01,248: update_indicator() 'Setting file info to: /home/harold/Pictures/壁纸A/siji_vocaloid_hatsune_miku_station_train_girl_snow_99127_1920x1080.jpg'
INFO: 2020-01-18 16:17:01,249: list_files() 'More than 1 files in the folders, stop listing'
INFO: 2020-01-18 16:18:00,027: clock_thread_method() 'clock_thread updates wallpaper'
INFO: 2020-01-18 16:18:00,028: do_set_wp() 'Calling do_set_wp with /home/harold/Pictures/壁纸A/siji_vocaloid_hatsune_miku_station_train_girl_snow_99127_1920x1080.jpg, time: 1579364280.0287886'
INFO: 2020-01-18 16:18:00,031: compute_trimmed_offsets() 'Trimmed offsets debug info: w:1920, h:1080, ratio:1.777778, iw:1920, ih:1080, scw:1920, sch:1080, ho:0, vo:0'
INFO: 2020-01-18 16:18:00,031: build_imagemagick_clock_cmd() 'Applying clock filter: -density 100 -font `fc-match -f '%{file[0]}' 'Sans:Bold:70'` -pointsize 70 -gravity SouthEast -fill '#00000044' -annotate 0x0+58+108 '16:18' -fill white -annotate 0x0+60+110 '16:18' -font `fc-match -f '%{file[0]}' 'Sans:32'` -pointsize 32 -fill '#00000044' -annotate 0x0+58+58 '星期六, 一月 18' -fill white -annotate 0x0+60+60 '星期六, 一月 18''
INFO: 2020-01-18 16:18:00,032: build_imagemagick_clock_cmd() 'ImageMagick clock cmd: convert '/home/harold/Pictures/壁纸A/siji_vocaloid_hatsune_miku_station_train_girl_snow_99127_1920x1080.jpg' -scale 1920x1080^ -density 100 -font `fc-match -f '%{file[0]}' 'Sans:Bold:70'` -pointsize 70 -gravity SouthEast -fill '#00000044' -annotate 0x0+58+108 '16:18' -fill white -annotate 0x0+60+110 '16:18' -font `fc-match -f '%{file[0]}' 'Sans:32'` -pointsize 32 -fill '#00000044' -annotate 0x0+58+58 '星期六, 一月 18' -fill white -annotate 0x0+60+60 '星期六, 一月 18' /home/harold/.config/variety/wallpaper/wallpaper-clock-0366a425a132b21127535f5a60c3c4bd.jpg'
INFO: 2020-01-18 16:18:00,248: update_indicator() 'Setting file info to: /home/harold/Pictures/壁纸A/siji_vocaloid_hatsune_miku_station_train_girl_snow_99127_1920x1080.jpg'
INFO: 2020-01-18 16:18:00,249: list_files() 'More than 1 files in the folders, stop listing'
INFO: 2020-01-18 16:19:00,097: clock_thread_method() 'clock_thread updates wallpaper'
INFO: 2020-01-18 16:19:00,098: do_set_wp() 'Calling do_set_wp with /home/harold/Pictures/壁纸A/siji_vocaloid_hatsune_miku_station_train_girl_snow_99127_1920x1080.jpg, time: 1579364340.0988333'
INFO: 2020-01-18 16:19:00,100: compute_trimmed_offsets() 'Trimmed offsets debug info: w:1920, h:1080, ratio:1.777778, iw:1920, ih:1080, scw:1920, sch:1080, ho:0, vo:0'
INFO: 2020-01-18 16:19:00,101: build_imagemagick_clock_cmd() 'Applying clock filter: -density 100 -font `fc-match -f '%{file[0]}' 'Sans:Bold:70'` -pointsize 70 -gravity SouthEast -fill '#00000044' -annotate 0x0+58+108 '16:19' -fill white -annotate 0x0+60+110 '16:19' -font `fc-match -f '%{file[0]}' 'Sans:32'` -pointsize 32 -fill '#00000044' -annotate 0x0+58+58 '星期六, 一月 18' -fill white -annotate 0x0+60+60 '星期六, 一月 18''
INFO: 2020-01-18 16:19:00,102: build_imagemagick_clock_cmd() 'ImageMagick clock cmd: convert '/home/harold/Pictures/壁纸A/siji_vocaloid_hatsune_miku_station_train_girl_snow_99127_1920x1080.jpg' -scale 1920x1080^ -density 100 -font `fc-match -f '%{file[0]}' 'Sans:Bold:70'` -pointsize 70 -gravity SouthEast -fill '#00000044' -annotate 0x0+58+108 '16:19' -fill white -annotate 0x0+60+110 '16:19' -font `fc-match -f '%{file[0]}' 'Sans:32'` -pointsize 32 -fill '#00000044' -annotate 0x0+58+58 '星期六, 一月 18' -fill white -annotate 0x0+60+60 '星期六, 一月 18' /home/harold/.config/variety/wallpaper/wallpaper-clock-e8b75b180b920f8a7251da4300f09fdf.jpg'
INFO: 2020-01-18 16:19:00,353: update_indicator() 'Setting file info to: /home/harold/Pictures/壁纸A/siji_vocaloid_hatsune_miku_station_train_girl_snow_99127_1920x1080.jpg'
INFO: 2020-01-18 16:19:00,354: list_files() 'More than 1 files in the folders, stop listing'
INFO: 2020-01-18 16:20:00,164: clock_thread_method() 'clock_thread updates wallpaper'
INFO: 2020-01-18 16:20:00,166: do_set_wp() 'Calling do_set_wp with /home/harold/Pictures/壁纸A/siji_vocaloid_hatsune_miku_station_train_girl_snow_99127_1920x1080.jpg, time: 1579364400.1661806'
INFO: 2020-01-18 16:20:00,167: compute_trimmed_offsets() 'Trimmed offsets debug info: w:1920, h:1080, ratio:1.777778, iw:1920, ih:1080, scw:1920, sch:1080, ho:0, vo:0'
INFO: 2020-01-18 16:20:00,168: build_imagemagick_clock_cmd() 'Applying clock filter: -density 100 -font `fc-match -f '%{file[0]}' 'Sans:Bold:70'` -pointsize 70 -gravity SouthEast -fill '#00000044' -annotate 0x0+58+108 '16:20' -fill white -annotate 0x0+60+110 '16:20' -font `fc-match -f '%{file[0]}' 'Sans:32'` -pointsize 32 -fill '#00000044' -annotate 0x0+58+58 '星期六, 一月 18' -fill white -annotate 0x0+60+60 '星期六, 一月 18''
INFO: 2020-01-18 16:20:00,168: build_imagemagick_clock_cmd() 'ImageMagick clock cmd: convert '/home/harold/Pictures/壁纸A/siji_vocaloid_hatsune_miku_station_train_girl_snow_99127_1920x1080.jpg' -scale 1920x1080^ -density 100 -font `fc-match -f '%{file[0]}' 'Sans:Bold:70'` -pointsize 70 -gravity SouthEast -fill '#00000044' -annotate 0x0+58+108 '16:20' -fill white -annotate 0x0+60+110 '16:20' -font `fc-match -f '%{file[0]}' 'Sans:32'` -pointsize 32 -fill '#00000044' -annotate 0x0+58+58 '星期六, 一月 18' -fill white -annotate 0x0+60+60 '星期六, 一月 18' /home/harold/.config/variety/wallpaper/wallpaper-clock-ad6099f2607822aee3568c04d53d7d07.jpg'
INFO: 2020-01-18 16:20:00,437: update_indicator() 'Setting file info to: /home/harold/Pictures/壁纸A/siji_vocaloid_hatsune_miku_station_train_girl_snow_99127_1920x1080.jpg'
INFO: 2020-01-18 16:20:00,438: list_files() 'More than 1 files in the folders, stop listing'
INFO: 2020-01-18 16:21:00,232: clock_thread_method() 'clock_thread updates wallpaper'
INFO: 2020-01-18 16:21:00,233: do_set_wp() 'Calling do_set_wp with /home/harold/Pictures/壁纸A/siji_vocaloid_hatsune_miku_station_train_girl_snow_99127_1920x1080.jpg, time: 1579364460.2334495'
INFO: 2020-01-18 16:21:00,235: compute_trimmed_offsets() 'Trimmed offsets debug info: w:1920, h:1080, ratio:1.777778, iw:1920, ih:1080, scw:1920, sch:1080, ho:0, vo:0'
INFO: 2020-01-18 16:21:00,236: build_imagemagick_clock_cmd() 'Applying clock filter: -density 100 -font `fc-match -f '%{file[0]}' 'Sans:Bold:70'` -pointsize 70 -gravity SouthEast -fill '#00000044' -annotate 0x0+58+108 '16:21' -fill white -annotate 0x0+60+110 '16:21' -font `fc-match -f '%{file[0]}' 'Sans:32'` -pointsize 32 -fill '#00000044' -annotate 0x0+58+58 '星期六, 一月 18' -fill white -annotate 0x0+60+60 '星期六, 一月 18''
INFO: 2020-01-18 16:21:00,237: build_imagemagick_clock_cmd() 'ImageMagick clock cmd: convert '/home/harold/Pictures/壁纸A/siji_vocaloid_hatsune_miku_station_train_girl_snow_99127_1920x1080.jpg' -scale 1920x1080^ -density 100 -font `fc-match -f '%{file[0]}' 'Sans:Bold:70'` -pointsize 70 -gravity SouthEast -fill '#00000044' -annotate 0x0+58+108 '16:21' -fill white -annotate 0x0+60+110 '16:21' -font `fc-match -f '%{file[0]}' 'Sans:32'` -pointsize 32 -fill '#00000044' -annotate 0x0+58+58 '星期六, 一月 18' -fill white -annotate 0x0+60+60 '星期六, 一月 18' /home/harold/.config/variety/wallpaper/wallpaper-clock-408f4cbb0fd0e0eca7205ddef325503f.jpg'
INFO: 2020-01-18 16:21:00,612: update_indicator() 'Setting file info to: /home/harold/Pictures/壁纸A/siji_vocaloid_hatsune_miku_station_train_girl_snow_99127_1920x1080.jpg'
INFO: 2020-01-18 16:21:00,614: list_files() 'More than 1 files in the folders, stop listing'
INFO: 2020-01-18 16:21:23,118: regular_change_thread() 'regular_change changes wallpaper'
INFO: 2020-01-18 16:21:23,119: set_wallpaper() 'Calling set_wallpaper with /home/harold/Pictures/壁纸A/astronaut.jpg'
INFO: 2020-01-18 16:21:23,121: prepare_thread() 'Prepared buffer contains 45 images'
INFO: 2020-01-18 16:21:23,125: do_set_wp() 'Calling do_set_wp with /home/harold/Pictures/壁纸A/astronaut.jpg, time: 1579364483.1251214'
INFO: 2020-01-18 16:21:23,128: compute_trimmed_offsets() 'Trimmed offsets debug info: w:1920, h:1080, ratio:1.777778, iw:1920, ih:1080, scw:1920, sch:1080, ho:0, vo:0'
INFO: 2020-01-18 16:21:23,129: build_imagemagick_clock_cmd() 'Applying clock filter: -density 100 -font `fc-match -f '%{file[0]}' 'Sans:Bold:70'` -pointsize 70 -gravity SouthEast -fill '#00000044' -annotate 0x0+58+108 '16:21' -fill white -annotate 0x0+60+110 '16:21' -font `fc-match -f '%{file[0]}' 'Sans:32'` -pointsize 32 -fill '#00000044' -annotate 0x0+58+58 '星期六, 一月 18' -fill white -annotate 0x0+60+60 '星期六, 一月 18''
INFO: 2020-01-18 16:21:23,130: build_imagemagick_clock_cmd() 'ImageMagick clock cmd: convert '/home/harold/Pictures/壁纸A/astronaut.jpg' -scale 1920x1080^ -density 100 -font `fc-match -f '%{file[0]}' 'Sans:Bold:70'` -pointsize 70 -gravity SouthEast -fill '#00000044' -annotate 0x0+58+108 '16:21' -fill white -annotate 0x0+60+110 '16:21' -font `fc-match -f '%{file[0]}' 'Sans:32'` -pointsize 32 -fill '#00000044' -annotate 0x0+58+58 '星期六, 一月 18' -fill white -annotate 0x0+60+60 '星期六, 一月 18' /home/harold/.config/variety/wallpaper/wallpaper-clock-231bec7c7f9bd8abaf043978cf0568da.jpg'
INFO: 2020-01-18 16:21:23,781: update_indicator() 'Setting file info to: /home/harold/Pictures/壁纸A/astronaut.jpg'
INFO: 2020-01-18 16:21:23,786: list_files() 'More than 1 files in the folders, stop listing'
INFO: 2020-01-18 16:21:25,125: trigger_download() 'Triggering download thread to check if download needed'
INFO: 2020-01-18 16:22:00,300: clock_thread_method() 'clock_thread updates wallpaper'
INFO: 2020-01-18 16:22:00,301: do_set_wp() 'Calling do_set_wp with /home/harold/Pictures/壁纸A/astronaut.jpg, time: 1579364520.3016212'
INFO: 2020-01-18 16:22:00,304: compute_trimmed_offsets() 'Trimmed offsets debug info: w:1920, h:1080, ratio:1.777778, iw:1920, ih:1080, scw:1920, sch:1080, ho:0, vo:0'
INFO: 2020-01-18 16:22:00,305: build_imagemagick_clock_cmd() 'Applying clock filter: -density 100 -font `fc-match -f '%{file[0]}' 'Sans:Bold:70'` -pointsize 70 -gravity SouthEast -fill '#00000044' -annotate 0x0+58+108 '16:22' -fill white -annotate 0x0+60+110 '16:22' -font `fc-match -f '%{file[0]}' 'Sans:32'` -pointsize 32 -fill '#00000044' -annotate 0x0+58+58 '星期六, 一月 18' -fill white -annotate 0x0+60+60 '星期六, 一月 18''
INFO: 2020-01-18 16:22:00,305: build_imagemagick_clock_cmd() 'ImageMagick clock cmd: convert '/home/harold/Pictures/壁纸A/astronaut.jpg' -scale 1920x1080^ -density 100 -font `fc-match -f '%{file[0]}' 'Sans:Bold:70'` -pointsize 70 -gravity SouthEast -fill '#00000044' -annotate 0x0+58+108 '16:22' -fill white -annotate 0x0+60+110 '16:22' -font `fc-match -f '%{file[0]}' 'Sans:32'` -pointsize 32 -fill '#00000044' -annotate 0x0+58+58 '星期六, 一月 18' -fill white -annotate 0x0+60+60 '星期六, 一月 18' /home/harold/.config/variety/wallpaper/wallpaper-clock-433700ac21ab756835853ef25d052384.jpg'
INFO: 2020-01-18 16:22:00,673: update_indicator() 'Setting file info to: /home/harold/Pictures/壁纸A/astronaut.jpg'
INFO: 2020-01-18 16:22:00,677: list_files() 'More than 1 files in the folders, stop listing'
INFO: 2020-01-18 16:23:00,368: clock_thread_method() 'clock_thread updates wallpaper'
INFO: 2020-01-18 16:23:00,371: do_set_wp() 'Calling do_set_wp with /home/harold/Pictures/壁纸A/astronaut.jpg, time: 1579364580.3716755'
INFO: 2020-01-18 16:23:00,375: compute_trimmed_offsets() 'Trimmed offsets debug info: w:1920, h:1080, ratio:1.777778, iw:1920, ih:1080, scw:1920, sch:1080, ho:0, vo:0'
INFO: 2020-01-18 16:23:00,377: build_imagemagick_clock_cmd() 'Applying clock filter: -density 100 -font `fc-match -f '%{file[0]}' 'Sans:Bold:70'` -pointsize 70 -gravity SouthEast -fill '#00000044' -annotate 0x0+58+108 '16:23' -fill white -annotate 0x0+60+110 '16:23' -font `fc-match -f '%{file[0]}' 'Sans:32'` -pointsize 32 -fill '#00000044' -annotate 0x0+58+58 '星期六, 一月 18' -fill white -annotate 0x0+60+60 '星期六, 一月 18''
INFO: 2020-01-18 16:23:00,379: build_imagemagick_clock_cmd() 'ImageMagick clock cmd: convert '/home/harold/Pictures/壁纸A/astronaut.jpg' -scale 1920x1080^ -density 100 -font `fc-match -f '%{file[0]}' 'Sans:Bold:70'` -pointsize 70 -gravity SouthEast -fill '#00000044' -annotate 0x0+58+108 '16:23' -fill white -annotate 0x0+60+110 '16:23' -font `fc-match -f '%{file[0]}' 'Sans:32'` -pointsize 32 -fill '#00000044' -annotate 0x0+58+58 '星期六, 一月 18' -fill white -annotate 0x0+60+60 '星期六, 一月 18' /home/harold/.config/variety/wallpaper/wallpaper-clock-54bcce35853c9abf48375803d3758ab2.jpg'
INFO: 2020-01-18 16:23:00,721: update_indicator() 'Setting file info to: /home/harold/Pictures/壁纸A/astronaut.jpg'
INFO: 2020-01-18 16:23:00,722: list_files() 'More than 1 files in the folders, stop listing'
INFO: 2020-01-18 16:24:00,438: clock_thread_method() 'clock_thread updates wallpaper'
INFO: 2020-01-18 16:24:00,440: do_set_wp() 'Calling do_set_wp with /home/harold/Pictures/壁纸A/astronaut.jpg, time: 1579364640.44032'
INFO: 2020-01-18 16:24:00,443: compute_trimmed_offsets() 'Trimmed offsets debug info: w:1920, h:1080, ratio:1.777778, iw:1920, ih:1080, scw:1920, sch:1080, ho:0, vo:0'
INFO: 2020-01-18 16:24:00,444: build_imagemagick_clock_cmd() 'Applying clock filter: -density 100 -font `fc-match -f '%{file[0]}' 'Sans:Bold:70'` -pointsize 70 -gravity SouthEast -fill '#00000044' -annotate 0x0+58+108 '16:24' -fill white -annotate 0x0+60+110 '16:24' -font `fc-match -f '%{file[0]}' 'Sans:32'` -pointsize 32 -fill '#00000044' -annotate 0x0+58+58 '星期六, 一月 18' -fill white -annotate 0x0+60+60 '星期六, 一月 18''
INFO: 2020-01-18 16:24:00,444: build_imagemagick_clock_cmd() 'ImageMagick clock cmd: convert '/home/harold/Pictures/壁纸A/astronaut.jpg' -scale 1920x1080^ -density 100 -font `fc-match -f '%{file[0]}' 'Sans:Bold:70'` -pointsize 70 -gravity SouthEast -fill '#00000044' -annotate 0x0+58+108 '16:24' -fill white -annotate 0x0+60+110 '16:24' -font `fc-match -f '%{file[0]}' 'Sans:32'` -pointsize 32 -fill '#00000044' -annotate 0x0+58+58 '星期六, 一月 18' -fill white -annotate 0x0+60+60 '星期六, 一月 18' /home/harold/.config/variety/wallpaper/wallpaper-clock-b022b339412d7aba189acc885ad80c5a.jpg'
INFO: 2020-01-18 16:24:00,747: update_indicator() 'Setting file info to: /home/harold/Pictures/壁纸A/astronaut.jpg'
INFO: 2020-01-18 16:24:00,750: list_files() 'More than 1 files in the folders, stop listing'
INFO: 2020-01-18 16:25:00,505: clock_thread_method() 'clock_thread updates wallpaper'
INFO: 2020-01-18 16:25:00,506: do_set_wp() 'Calling do_set_wp with /home/harold/Pictures/壁纸A/astronaut.jpg, time: 1579364700.5062885'
INFO: 2020-01-18 16:25:00,508: compute_trimmed_offsets() 'Trimmed offsets debug info: w:1920, h:1080, ratio:1.777778, iw:1920, ih:1080, scw:1920, sch:1080, ho:0, vo:0'
INFO: 2020-01-18 16:25:00,509: build_imagemagick_clock_cmd() 'Applying clock filter: -density 100 -font `fc-match -f '%{file[0]}' 'Sans:Bold:70'` -pointsize 70 -gravity SouthEast -fill '#00000044' -annotate 0x0+58+108 '16:25' -fill white -annotate 0x0+60+110 '16:25' -font `fc-match -f '%{file[0]}' 'Sans:32'` -pointsize 32 -fill '#00000044' -annotate 0x0+58+58 '星期六, 一月 18' -fill white -annotate 0x0+60+60 '星期六, 一月 18''
INFO: 2020-01-18 16:25:00,509: build_imagemagick_clock_cmd() 'ImageMagick clock cmd: convert '/home/harold/Pictures/壁纸A/astronaut.jpg' -scale 1920x1080^ -density 100 -font `fc-match -f '%{file[0]}' 'Sans:Bold:70'` -pointsize 70 -gravity SouthEast -fill '#00000044' -annotate 0x0+58+108 '16:25' -fill white -annotate 0x0+60+110 '16:25' -font `fc-match -f '%{file[0]}' 'Sans:32'` -pointsize 32 -fill '#00000044' -annotate 0x0+58+58 '星期六, 一月 18' -fill white -annotate 0x0+60+60 '星期六, 一月 18' /home/harold/.config/variety/wallpaper/wallpaper-clock-997b463812cea352e25d419afd999d07.jpg'
INFO: 2020-01-18 16:25:00,741: update_indicator() 'Setting file info to: /home/harold/Pictures/壁纸A/astronaut.jpg'
INFO: 2020-01-18 16:25:00,742: list_files() 'More than 1 files in the folders, stop listing'
INFO: 2020-01-18 16:26:00,571: clock_thread_method() 'clock_thread updates wallpaper'
INFO: 2020-01-18 16:26:00,572: do_set_wp() 'Calling do_set_wp with /home/harold/Pictures/壁纸A/astronaut.jpg, time: 1579364760.5728903'
INFO: 2020-01-18 16:26:00,575: compute_trimmed_offsets() 'Trimmed offsets debug info: w:1920, h:1080, ratio:1.777778, iw:1920, ih:1080, scw:1920, sch:1080, ho:0, vo:0'
INFO: 2020-01-18 16:26:00,576: build_imagemagick_clock_cmd() 'Applying clock filter: -density 100 -font `fc-match -f '%{file[0]}' 'Sans:Bold:70'` -pointsize 70 -gravity SouthEast -fill '#00000044' -annotate 0x0+58+108 '16:26' -fill white -annotate 0x0+60+110 '16:26' -font `fc-match -f '%{file[0]}' 'Sans:32'` -pointsize 32 -fill '#00000044' -annotate 0x0+58+58 '星期六, 一月 18' -fill white -annotate 0x0+60+60 '星期六, 一月 18''
INFO: 2020-01-18 16:26:00,576: build_imagemagick_clock_cmd() 'ImageMagick clock cmd: convert '/home/harold/Pictures/壁纸A/astronaut.jpg' -scale 1920x1080^ -density 100 -font `fc-match -f '%{file[0]}' 'Sans:Bold:70'` -pointsize 70 -gravity SouthEast -fill '#00000044' -annotate 0x0+58+108 '16:26' -fill white -annotate 0x0+60+110 '16:26' -font `fc-match -f '%{file[0]}' 'Sans:32'` -pointsize 32 -fill '#00000044' -annotate 0x0+58+58 '星期六, 一月 18' -fill white -annotate 0x0+60+60 '星期六, 一月 18' /home/harold/.config/variety/wallpaper/wallpaper-clock-dc70705b9ae0388faeef9e4ec09165e9.jpg'
INFO: 2020-01-18 16:26:00,825: update_indicator() 'Setting file info to: /home/harold/Pictures/壁纸A/astronaut.jpg'
INFO: 2020-01-18 16:26:00,826: list_files() 'More than 1 files in the folders, stop listing'
INFO: 2020-01-18 16:26:23,868: regular_change_thread() 'regular_change changes wallpaper'
INFO: 2020-01-18 16:26:23,869: set_wallpaper() 'Calling set_wallpaper with /home/harold/Pictures/壁纸A/anime.jpg'
INFO: 2020-01-18 16:26:23,870: prepare_thread() 'Prepared buffer contains 44 images'
INFO: 2020-01-18 16:26:23,871: do_set_wp() 'Calling do_set_wp with /home/harold/Pictures/壁纸A/anime.jpg, time: 1579364783.8711512'
INFO: 2020-01-18 16:26:23,873: compute_trimmed_offsets() 'Trimmed offsets debug info: w:1920, h:1080, ratio:1.777778, iw:1920, ih:1080, scw:1920, sch:1080, ho:0, vo:0'
INFO: 2020-01-18 16:26:23,874: build_imagemagick_clock_cmd() 'Applying clock filter: -density 100 -font `fc-match -f '%{file[0]}' 'Sans:Bold:70'` -pointsize 70 -gravity SouthEast -fill '#00000044' -annotate 0x0+58+108 '16:26' -fill white -annotate 0x0+60+110 '16:26' -font `fc-match -f '%{file[0]}' 'Sans:32'` -pointsize 32 -fill '#00000044' -annotate 0x0+58+58 '星期六, 一月 18' -fill white -annotate 0x0+60+60 '星期六, 一月 18''
INFO: 2020-01-18 16:26:23,874: build_imagemagick_clock_cmd() 'ImageMagick clock cmd: convert '/home/harold/Pictures/壁纸A/anime.jpg' -scale 1920x1080^ -density 100 -font `fc-match -f '%{file[0]}' 'Sans:Bold:70'` -pointsize 70 -gravity SouthEast -fill '#00000044' -annotate 0x0+58+108 '16:26' -fill white -annotate 0x0+60+110 '16:26' -font `fc-match -f '%{file[0]}' 'Sans:32'` -pointsize 32 -fill '#00000044' -annotate 0x0+58+58 '星期六, 一月 18' -fill white -annotate 0x0+60+60 '星期六, 一月 18' /home/harold/.config/variety/wallpaper/wallpaper-clock-5f773e6539477b62e6df896c4491df2f.jpg'
INFO: 2020-01-18 16:26:24,143: update_indicator() 'Setting file info to: /home/harold/Pictures/壁纸A/anime.jpg'
INFO: 2020-01-18 16:26:24,144: list_files() 'More than 1 files in the folders, stop listing'
INFO: 2020-01-18 16:26:25,871: trigger_download() 'Triggering download thread to check if download needed'
